[21:13:15.159][info] [#0:main:51]: Lua Lsp startup, root: 	/home/ted/.config/nvim/.language-servers/lua-language-server
[21:13:15.159][debug][#0:main:52]: ROOT:	/home/ted/.config/nvim/.language-servers/lua-language-server
[21:13:15.159][debug][#0:main:53]: LOGPATH:	/home/ted/.config/nvim/.language-servers/lua-language-server/log
[21:13:15.159][debug][#0:main:54]: METAPATH:	/home/ted/.config/nvim/.language-servers/lua-language-server/meta
[21:13:15.164][info] [#0:script.service.telemetry:16]: Telemetry Token:	7CE931F2E638D16F
[21:13:15.187][info] [#0:script.pub.pub:48]: Create brave:	1
[21:13:15.187][info] [#0:script.pub.pub:48]: Create brave:	2
[21:13:15.187][info] [#0:script.pub.pub:48]: Create brave:	3
[21:13:15.187][info] [#0:script.pub.pub:48]: Create brave:	4
[21:13:15.188][debug][#0:script.service.service:136]: 
========= Medical Examination Report =========
    --------------- Memory ---------------
        Total: 1.756 MB
        # 00 : 1.756 MB
        # 01 : 0.000 MB
        # 02 : 0.000 MB
        # 03 : 0.000 MB
        # 04 : 0.000 MB
    --------------- Coroutine ---------------
        Total:     0
        Running:   0
        Suspended: 0
        Normal:    0
        Dead:      0
    --------------- Cache ---------------
        Total: 1
        Dead:  0
    --------------- Proto ---------------
        Holdon:   0
        Waiting:  0
==============================================
[21:13:15.263][debug][#0:script.provider.client:32]: Client init	{
    capabilities = {
        callHierarchy = {
            dynamicRegistration = false,
        },
        textDocument = {
            codeAction = {
                codeActionLiteralSupport = {
                    codeActionKind = {
                        valueSet = {
                            [01] = "",
                            [02] = "Empty",
                            [03] = "QuickFix",
                            [04] = "Refactor",
                            [05] = "RefactorExtract",
                            [06] = "RefactorInline",
                            [07] = "RefactorRewrite",
                            [08] = "Source",
                            [09] = "SourceOrganizeImports",
                            [10] = "quickfix",
                            [11] = "refactor",
                            [12] = "refactor.extract",
                            [13] = "refactor.inline",
                            [14] = "refactor.rewrite",
                            [15] = "source",
                            [16] = "source.organizeImports",
                        },
                    },
                },
                dynamicRegistration = false,
            },
            completion = {
                completionItem = {
                    commitCharactersSupport = false,
                    deprecatedSupport = false,
                    documentationFormat = {
                        [1] = "markdown",
                        [2] = "plaintext",
                    },
                    preselectSupport = false,
                    snippetSupport = false,
                },
                completionItemKind = {
                    valueSet = {
                        [1] = 1,
                        [2] = 2,
                        [3] = 3,
                        [4] = 4,
                    },
                },
                contextSupport = false,
                dynamicRegistration = false,
            },
            declaration = {
                linkSupport = true,
            },
            definition = {
                linkSupport = true,
            },
            documentHighlight = {
                dynamicRegistration = false,
            },
            documentSymbol = {
                dynamicRegistration = false,
                hierarchicalDocumentSymbolSupport = true,
                symbolKind = {
                    valueSet = {
                        [01] = 1,
                        [02] = 2,
                        [03] = 3,
                        [04] = 4,
                        [05] = 5,
                        [06] = 6,
                        [07] = 7,
                        [08] = 8,
                        [09] = 9,
                        [10] = 10,
                        [11] = 11,
                        [12] = 12,
                        [13] = 13,
                        [14] = 14,
                        [15] = 15,
                        [16] = 16,
                        [17] = 17,
                        [18] = 18,
                        [19] = 19,
                        [20] = 20,
                        [21] = 21,
                        [22] = 22,
                        [23] = 23,
                        [24] = 24,
                        [25] = 25,
                        [26] = 26,
                    },
                },
            },
            hover = {
                contentFormat = {
                    [1] = "markdown",
                    [2] = "plaintext",
                },
                dynamicRegistration = false,
            },
            implementation = {
                linkSupport = true,
            },
            publishDiagnostics = {
                relatedInformation = true,
                tagSupport = {
                    valueSet = {
                        [1] = 1,
                        [2] = 2,
                    },
                },
            },
            references = {
                dynamicRegistration = false,
            },
            rename = {
                dynamicRegistration = false,
                prepareSupport = true,
            },
            signatureHelp = {
                dynamicRegistration = false,
                signatureInformation = {
                    documentationFormat = {
                        [1] = "markdown",
                        [2] = "plaintext",
                    },
                },
            },
            synchronization = {
                didSave = true,
                dynamicRegistration = false,
                willSave = false,
                willSaveWaitUntil = false,
            },
            typeDefinition = {
                linkSupport = true,
            },
        },
        window = {
            showDocument = {
                support = false,
            },
            showMessage = {
                messageActionItem = {
                    additionalPropertiesSupport = false,
                },
            },
            workDoneProgress = true,
        },
        workspace = {
            applyEdit = true,
            configuration = true,
            symbol = {
                dynamicRegistration = false,
                hierarchicalWorkspaceSymbolSupport = true,
                symbolKind = {
                    valueSet = {
                        [01] = 1,
                        [02] = 2,
                        [03] = 3,
                        [04] = 4,
                        [05] = 5,
                        [06] = 6,
                        [07] = 7,
                        [08] = 8,
                        [09] = 9,
                        [10] = 10,
                        [11] = 11,
                        [12] = 12,
                        [13] = 13,
                        [14] = 14,
                        [15] = 15,
                        [16] = 16,
                        [17] = 17,
                        [18] = 18,
                        [19] = 19,
                        [20] = 20,
                        [21] = 21,
                        [22] = 22,
                        [23] = 23,
                        [24] = 24,
                        [25] = 25,
                        [26] = 26,
                    },
                },
            },
            workspaceEdit = {
                resourceOperations = {
                    [1] = "rename",
                    [2] = "create",
                    [3] = "delete",
                },
            },
            workspaceFolders = true,
        },
    },
    clientInfo = {
        name = "Neovim",
        version = "0.5.0",
    },
    initializationOptions = {
    },
    processId = 106507,
    rootPath = "/home/ted/.config/nvim/lua/nv-lightbulb",
    rootUri = "file:///home/ted/.config/nvim/lua/nv-lightbulb",
    trace = "off",
    workspaceFolders = {
        [1] = {
            name = "/home/ted/.config/nvim/lua/nv-lightbulb",
            uri = "file:///home/ted/.config/nvim/lua/nv-lightbulb",
        },
    },
}
[21:13:15.263][info] [#0:script.language:135]: VSC language: nil
[21:13:15.263][info] [#0:script.language:136]: LS  language: en-us
[21:13:15.272][info] [#0:script.workspace.workspace:31]: Workspace inited: 	file:///home/ted/.config/nvim/lua/nv-lightbulb
[21:13:15.272][info] [#0:script.workspace.workspace:38]: Log path: 	/home/ted/.config/nvim/.language-servers/lua-language-server/log/file_home_ted_.config_nvim_lua_nv-lightbulb.log
[21:13:15.278][debug][#0:script.provider.provider:247]: didOpen	file:///home/ted/.config/nvim/lua/nv-lightbulb/init.lua
[21:13:15.283][debug][#0:script.config:248]: Config update: 	{
    color = {
        mode = "Semantic",
    },
    completion = {
        callSnippet = "Disable",
        displayContext = 6,
        enable = true,
        keywordSnippet = "Replace",
        workspaceWord = true,
    },
    diagnostics = {
        disable = {
        },
        enable = true,
        globals = {
            vim = true,
        },
        neededFileStatus = {
            ["ambiguity-1"] = "Any",
            ["circle-doc-class"] = "Any",
            ["close-non-object"] = "Any",
            ["code-after-break"] = "Opened",
            ["count-down-loop"] = "Any",
            ["doc-field-no-class"] = "Any",
            ["duplicate-doc-class"] = "Any",
            ["duplicate-doc-field"] = "Any",
            ["duplicate-doc-param"] = "Any",
            ["duplicate-index"] = "Any",
            ["duplicate-set-field"] = "Any",
            ["empty-block"] = "Opened",
            ["global-in-nil-env"] = "Any",
            ["lowercase-global"] = "Any",
            ["newfield-call"] = "Any",
            ["newline-call"] = "Any",
            ["no-implicit-any"] = "None",
            ["redefined-local"] = "Opened",
            ["redundant-parameter"] = "Opened",
            ["redundant-value"] = "Opened",
            ["trailing-space"] = "Opened",
            ["unbalanced-assignments"] = "Any",
            ["undefined-doc-class"] = "Any",
            ["undefined-doc-name"] = "Any",
            ["undefined-doc-param"] = "Any",
            ["undefined-env-child"] = "Any",
            ["undefined-field"] = "Opened",
            ["undefined-global"] = "Any",
            ["unknown-diag-code"] = "Any",
            ["unused-function"] = "Opened",
            ["unused-label"] = "Opened",
            ["unused-local"] = "Opened",
            ["unused-vararg"] = "Opened",
        },
        severity = {
            ["ambiguity-1"] = "Warning",
            ["circle-doc-class"] = "Warning",
            ["close-non-object"] = "Warning",
            ["code-after-break"] = "Hint",
            ["count-down-loop"] = "Warning",
            ["doc-field-no-class"] = "Warning",
            ["duplicate-doc-class"] = "Warning",
            ["duplicate-doc-field"] = "Warning",
            ["duplicate-doc-param"] = "Warning",
            ["duplicate-index"] = "Warning",
            ["duplicate-set-field"] = "Warning",
            ["empty-block"] = "Hint",
            ["global-in-nil-env"] = "Warning",
            ["lowercase-global"] = "Information",
            ["newfield-call"] = "Warning",
            ["newline-call"] = "Information",
            ["no-implicit-any"] = "Information",
            ["redefined-local"] = "Hint",
            ["redundant-parameter"] = "Hint",
            ["redundant-value"] = "Hint",
            ["trailing-space"] = "Hint",
            ["unbalanced-assignments"] = "Warning",
            ["undefined-doc-class"] = "Warning",
            ["undefined-doc-name"] = "Warning",
            ["undefined-doc-param"] = "Warning",
            ["undefined-env-child"] = "Information",
            ["undefined-field"] = "Warning",
            ["undefined-global"] = "Warning",
            ["unknown-diag-code"] = "Waiting",
            ["unused-function"] = "Hint",
            ["unused-label"] = "Hint",
            ["unused-local"] = "Hint",
            ["unused-vararg"] = "Hint",
        },
        workspaceDelay = 0,
        workspaceRate = 100,
    },
    hint = {
        enable = false,
        paramName = true,
        paramType = true,
        setType = false,
    },
    hover = {
        enable = true,
        fieldInfer = 3000,
        previewFields = 100,
        viewNumber = true,
        viewString = true,
        viewStringMax = 1000,
    },
    intelliSense = {
        searchDepth = 0,
    },
    runtime = {
        builtin = {
        },
        fileEncoding = "utf8",
        meta = "${version} ${language}",
        nonstandardSymbol = {
        },
        path = {
            [1] = "./?.lua",
            [2] = "/home/ted/Programs/neovim/.deps/usr/share/luajit-2.1.0-beta3/?.lua",
            [3] = "/usr/local/share/lua/5.1/?.lua",
            [4] = "/usr/local/share/lua/5.1/?/init.lua",
            [5] = "/home/ted/Programs/neovim/.deps/usr/share/lua/5.1/?.lua",
            [6] = "/home/ted/Programs/neovim/.deps/usr/share/lua/5.1/?/init.lua",
        },
        plugin = ".vscode/lua/plugin.lua",
        special = {
        },
        unicodeName = false,
        version = "LuaJIT",
    },
    signatureHelp = {
        enable = true,
    },
    telemetry = {
        enable = false,
    },
    window = {
        progressBar = true,
        statusBar = true,
    },
    workspace = {
        ignoreDir = {
        },
        ignoreSubmodules = true,
        library = {
            ["/home/ted/neovim/share/nvim/runtime/lua"] = true,
            ["/home/ted/neovim/share/nvim/runtime/lua/vim/lsp"] = true,
        },
        maxPreload = 1000,
        preloadFileSize = 100,
        useGitIgnore = true,
    },
}	{
    associations = {
    },
    exclude = {
    },
    semantic = "",
}
[21:13:15.290][debug][#0:script.provider.semantic-tokens:96]: Refresh semantic tokens.
[21:13:15.290][debug][#0:script.provider.semantic-tokens:96]: Refresh semantic tokens.
[21:13:15.290][debug][#0:script.provider.completion:19]: Enable completion.
[21:13:15.291][debug][#0:script.config:248]: Config update: 	{
    color = {
        mode = "Semantic",
    },
    completion = {
        callSnippet = "Disable",
        displayContext = 6,
        enable = true,
        keywordSnippet = "Replace",
        workspaceWord = true,
    },
    diagnostics = {
        disable = {
        },
        enable = true,
        globals = {
            vim = true,
        },
        neededFileStatus = {
            ["ambiguity-1"] = "Any",
            ["circle-doc-class"] = "Any",
            ["close-non-object"] = "Any",
            ["code-after-break"] = "Opened",
            ["count-down-loop"] = "Any",
            ["doc-field-no-class"] = "Any",
            ["duplicate-doc-class"] = "Any",
            ["duplicate-doc-field"] = "Any",
            ["duplicate-doc-param"] = "Any",
            ["duplicate-index"] = "Any",
            ["duplicate-set-field"] = "Any",
            ["empty-block"] = "Opened",
            ["global-in-nil-env"] = "Any",
            ["lowercase-global"] = "Any",
            ["newfield-call"] = "Any",
            ["newline-call"] = "Any",
            ["no-implicit-any"] = "None",
            ["redefined-local"] = "Opened",
            ["redundant-parameter"] = "Opened",
            ["redundant-value"] = "Opened",
            ["trailing-space"] = "Opened",
            ["unbalanced-assignments"] = "Any",
            ["undefined-doc-class"] = "Any",
            ["undefined-doc-name"] = "Any",
            ["undefined-doc-param"] = "Any",
            ["undefined-env-child"] = "Any",
            ["undefined-field"] = "Opened",
            ["undefined-global"] = "Any",
            ["unknown-diag-code"] = "Any",
            ["unused-function"] = "Opened",
            ["unused-label"] = "Opened",
            ["unused-local"] = "Opened",
            ["unused-vararg"] = "Opened",
        },
        severity = {
            ["ambiguity-1"] = "Warning",
            ["circle-doc-class"] = "Warning",
            ["close-non-object"] = "Warning",
            ["code-after-break"] = "Hint",
            ["count-down-loop"] = "Warning",
            ["doc-field-no-class"] = "Warning",
            ["duplicate-doc-class"] = "Warning",
            ["duplicate-doc-field"] = "Warning",
            ["duplicate-doc-param"] = "Warning",
            ["duplicate-index"] = "Warning",
            ["duplicate-set-field"] = "Warning",
            ["empty-block"] = "Hint",
            ["global-in-nil-env"] = "Warning",
            ["lowercase-global"] = "Information",
            ["newfield-call"] = "Warning",
            ["newline-call"] = "Information",
            ["no-implicit-any"] = "Information",
            ["redefined-local"] = "Hint",
            ["redundant-parameter"] = "Hint",
            ["redundant-value"] = "Hint",
            ["trailing-space"] = "Hint",
            ["unbalanced-assignments"] = "Warning",
            ["undefined-doc-class"] = "Warning",
            ["undefined-doc-name"] = "Warning",
            ["undefined-doc-param"] = "Warning",
            ["undefined-env-child"] = "Information",
            ["undefined-field"] = "Warning",
            ["undefined-global"] = "Warning",
            ["unknown-diag-code"] = "Waiting",
            ["unused-function"] = "Hint",
            ["unused-label"] = "Hint",
            ["unused-local"] = "Hint",
            ["unused-vararg"] = "Hint",
        },
        workspaceDelay = 0,
        workspaceRate = 100,
    },
    hint = {
        enable = false,
        paramName = true,
        paramType = true,
        setType = false,
    },
    hover = {
        enable = true,
        fieldInfer = 3000,
        previewFields = 100,
        viewNumber = true,
        viewString = true,
        viewStringMax = 1000,
    },
    intelliSense = {
        searchDepth = 0,
    },
    runtime = {
        builtin = {
        },
        fileEncoding = "utf8",
        meta = "${version} ${language}",
        nonstandardSymbol = {
        },
        path = {
            [1] = "./?.lua",
            [2] = "/home/ted/Programs/neovim/.deps/usr/share/luajit-2.1.0-beta3/?.lua",
            [3] = "/usr/local/share/lua/5.1/?.lua",
            [4] = "/usr/local/share/lua/5.1/?/init.lua",
            [5] = "/home/ted/Programs/neovim/.deps/usr/share/lua/5.1/?.lua",
            [6] = "/home/ted/Programs/neovim/.deps/usr/share/lua/5.1/?/init.lua",
        },
        plugin = ".vscode/lua/plugin.lua",
        special = {
        },
        unicodeName = false,
        version = "LuaJIT",
    },
    signatureHelp = {
        enable = true,
    },
    telemetry = {
        enable = false,
    },
    window = {
        progressBar = true,
        statusBar = true,
    },
    workspace = {
        ignoreDir = {
        },
        ignoreSubmodules = true,
        library = {
            ["/home/ted/neovim/share/nvim/runtime/lua"] = true,
            ["/home/ted/neovim/share/nvim/runtime/lua/vim/lsp"] = true,
        },
        maxPreload = 1000,
        preloadFileSize = 100,
        useGitIgnore = true,
    },
}	{
    associations = {
    },
    exclude = {
    },
    semantic = "",
}
[21:13:15.753][info] [#0:script.workspace.workspace:296]: Preload start.
[21:13:15.754][info] [#0:script.workspace.workspace:127]: Ignore by library:	/home/ted/neovim/share/nvim/runtime/lua/vim/lsp
[21:13:15.754][info] [#0:script.workspace.workspace:127]: Ignore by library:	/home/ted/neovim/share/nvim/runtime/lua
[21:13:15.755][debug][#0:script.workspace.workspace:160]: getLibraryMatchers	/home/ted/neovim/share/nvim/runtime/lua/vim/lsp	/home/ted/neovim/share/nvim/runtime/lua/vim/lsp
[21:13:15.755][debug][#0:script.workspace.workspace:160]: getLibraryMatchers	/home/ted/.config/nvim/.language-servers/lua-language-server/meta/LuaJIT en-us	/home/ted/.config/nvim/.language-servers/lua-language-server/meta/LuaJIT en-us
[21:13:15.755][debug][#0:script.workspace.workspace:160]: getLibraryMatchers	/home/ted/neovim/share/nvim/runtime/lua	/home/ted/neovim/share/nvim/runtime/lua
[21:13:15.755][info] [#0:script.workspace.workspace:301]: Scan files at:	/home/ted/.config/nvim/lua/nv-lightbulb
[21:13:15.755][info] [#0:script.workspace.workspace:306]: Scan library at:	/home/ted/neovim/share/nvim/runtime/lua/vim/lsp
[21:13:15.756][info] [#0:script.workspace.workspace:227]: Preload file at: file:///home/ted/.config/nvim/lua/nv-lightbulb/init.lua , size = 1.280 KB
[21:13:15.756][info] [#0:script.workspace.workspace:227]: Preload file at: file:///home/ted/neovim/share/nvim/runtime/lua/vim/lsp/buf.lua , size = 14.298 KB
[21:13:15.756][info] [#0:script.workspace.workspace:229]: ++++As library of:	/home/ted/neovim/share/nvim/runtime/lua/vim/lsp
[21:13:15.763][info] [#0:script.workspace.workspace:227]: Preload file at: file:///home/ted/neovim/share/nvim/runtime/lua/vim/lsp/util.lua , size = 54.753 KB
[21:13:15.763][info] [#0:script.workspace.workspace:229]: ++++As library of:	/home/ted/neovim/share/nvim/runtime/lua/vim/lsp
[21:13:15.784][info] [#0:script.workspace.workspace:227]: Preload file at: file:///home/ted/neovim/share/nvim/runtime/lua/vim/lsp/log.lua , size = 3.330 KB
[21:13:15.784][info] [#0:script.workspace.workspace:229]: ++++As library of:	/home/ted/neovim/share/nvim/runtime/lua/vim/lsp
[21:13:15.785][info] [#0:script.workspace.workspace:227]: Preload file at: file:///home/ted/neovim/share/nvim/runtime/lua/vim/lsp/protocol.lua , size = 39.150 KB
[21:13:15.785][info] [#0:script.workspace.workspace:229]: ++++As library of:	/home/ted/neovim/share/nvim/runtime/lua/vim/lsp
[21:13:15.792][info] [#0:script.workspace.workspace:227]: Preload file at: file:///home/ted/neovim/share/nvim/runtime/lua/vim/lsp/diagnostic.lua , size = 39.049 KB
[21:13:15.792][info] [#0:script.workspace.workspace:229]: ++++As library of:	/home/ted/neovim/share/nvim/runtime/lua/vim/lsp
[21:13:15.806][info] [#0:script.workspace.workspace:227]: Preload file at: file:///home/ted/neovim/share/nvim/runtime/lua/vim/lsp/handlers.lua , size = 16.646 KB
[21:13:15.806][info] [#0:script.workspace.workspace:229]: ++++As library of:	/home/ted/neovim/share/nvim/runtime/lua/vim/lsp
[21:13:15.813][info] [#0:script.workspace.workspace:306]: Scan library at:	/home/ted/.config/nvim/.language-servers/lua-language-server/meta/LuaJIT en-us
[21:13:15.813][info] [#0:script.workspace.workspace:227]: Preload file at: file:///home/ted/neovim/share/nvim/runtime/lua/vim/lsp/rpc.lua , size = 21.106 KB
[21:13:15.813][info] [#0:script.workspace.workspace:229]: ++++As library of:	/home/ted/neovim/share/nvim/runtime/lua/vim/lsp
[21:13:15.820][info] [#0:script.workspace.workspace:227]: Preload file at: file:///home/ted/.config/nvim/.language-servers/lua-language-server/meta/LuaJIT%20en-us/math.lua , size = 7.761 KB
[21:13:15.820][info] [#0:script.workspace.workspace:229]: ++++As library of:	/home/ted/.config/nvim/.language-servers/lua-language-server/meta/LuaJIT en-us
[21:13:15.823][info] [#0:script.workspace.workspace:227]: Preload file at: file:///home/ted/.config/nvim/.language-servers/lua-language-server/meta/LuaJIT%20en-us/io.lua , size = 6.443 KB
[21:13:15.823][info] [#0:script.workspace.workspace:229]: ++++As library of:	/home/ted/.config/nvim/.language-servers/lua-language-server/meta/LuaJIT en-us
[21:13:15.826][info] [#0:script.workspace.workspace:227]: Preload file at: file:///home/ted/.config/nvim/.language-servers/lua-language-server/meta/LuaJIT%20en-us/bit.lua , size = 1.165 KB
[21:13:15.826][info] [#0:script.workspace.workspace:229]: ++++As library of:	/home/ted/.config/nvim/.language-servers/lua-language-server/meta/LuaJIT en-us
[21:13:15.827][info] [#0:script.workspace.workspace:227]: Preload file at: file:///home/ted/.config/nvim/.language-servers/lua-language-server/meta/LuaJIT%20en-us/package.lua , size = 2.732 KB
[21:13:15.827][info] [#0:script.workspace.workspace:229]: ++++As library of:	/home/ted/.config/nvim/.language-servers/lua-language-server/meta/LuaJIT en-us
[21:13:15.828][info] [#0:script.workspace.workspace:227]: Preload file at: file:///home/ted/.config/nvim/.language-servers/lua-language-server/meta/LuaJIT%20en-us/coroutine.lua , size = 2.489 KB
[21:13:15.828][info] [#0:script.workspace.workspace:229]: ++++As library of:	/home/ted/.config/nvim/.language-servers/lua-language-server/meta/LuaJIT en-us
[21:13:15.829][info] [#0:script.workspace.workspace:227]: Preload file at: file:///home/ted/.config/nvim/.language-servers/lua-language-server/meta/LuaJIT%20en-us/os.lua , size = 4.262 KB
[21:13:15.829][info] [#0:script.workspace.workspace:229]: ++++As library of:	/home/ted/.config/nvim/.language-servers/lua-language-server/meta/LuaJIT en-us
[21:13:15.830][info] [#0:script.workspace.workspace:227]: Preload file at: file:///home/ted/.config/nvim/.language-servers/lua-language-server/meta/LuaJIT%20en-us/string.lua , size = 6.023 KB
[21:13:15.830][info] [#0:script.workspace.workspace:229]: ++++As library of:	/home/ted/.config/nvim/.language-servers/lua-language-server/meta/LuaJIT en-us
[21:13:15.835][info] [#0:script.workspace.workspace:227]: Preload file at: file:///home/ted/.config/nvim/.language-servers/lua-language-server/meta/LuaJIT%20en-us/debug.lua , size = 7.488 KB
[21:13:15.835][info] [#0:script.workspace.workspace:229]: ++++As library of:	/home/ted/.config/nvim/.language-servers/lua-language-server/meta/LuaJIT en-us
[21:13:15.838][info] [#0:script.workspace.workspace:227]: Preload file at: file:///home/ted/.config/nvim/.language-servers/lua-language-server/meta/LuaJIT%20en-us/basic.lua , size = 13.746 KB
[21:13:15.838][info] [#0:script.workspace.workspace:229]: ++++As library of:	/home/ted/.config/nvim/.language-servers/lua-language-server/meta/LuaJIT en-us
[21:13:15.841][info] [#0:script.workspace.workspace:227]: Preload file at: file:///home/ted/.config/nvim/.language-servers/lua-language-server/meta/LuaJIT%20en-us/table.lua , size = 2.767 KB
[21:13:15.841][info] [#0:script.workspace.workspace:229]: ++++As library of:	/home/ted/.config/nvim/.language-servers/lua-language-server/meta/LuaJIT en-us
[21:13:15.842][info] [#0:script.workspace.workspace:227]: Preload file at: file:///home/ted/.config/nvim/.language-servers/lua-language-server/meta/LuaJIT%20en-us/jit.lua , size = 0.653 KB
[21:13:15.843][info] [#0:script.workspace.workspace:229]: ++++As library of:	/home/ted/.config/nvim/.language-servers/lua-language-server/meta/LuaJIT en-us
[21:13:15.843][info] [#0:script.workspace.workspace:227]: Preload file at: file:///home/ted/.config/nvim/.language-servers/lua-language-server/meta/LuaJIT%20en-us/builtin.lua , size = 0.259 KB
[21:13:15.843][info] [#0:script.workspace.workspace:229]: ++++As library of:	/home/ted/.config/nvim/.language-servers/lua-language-server/meta/LuaJIT en-us
[21:13:15.843][info] [#0:script.workspace.workspace:227]: Preload file at: file:///home/ted/.config/nvim/.language-servers/lua-language-server/meta/LuaJIT%20en-us/ffi.lua , size = 2.306 KB
[21:13:15.843][info] [#0:script.workspace.workspace:229]: ++++As library of:	/home/ted/.config/nvim/.language-servers/lua-language-server/meta/LuaJIT en-us
[21:13:15.845][info] [#0:script.workspace.workspace:306]: Scan library at:	/home/ted/neovim/share/nvim/runtime/lua
[21:13:15.845][info] [#0:script.workspace.workspace:227]: Preload file at: file:///home/ted/neovim/share/nvim/runtime/lua/vim/highlight.lua , size = 3.325 KB
[21:13:15.845][info] [#0:script.workspace.workspace:229]: ++++As library of:	/home/ted/neovim/share/nvim/runtime/lua
[21:13:15.846][info] [#0:script.workspace.workspace:227]: Preload file at: file:///home/ted/neovim/share/nvim/runtime/lua/vim/compat.lua , size = 0.520 KB
[21:13:15.846][info] [#0:script.workspace.workspace:229]: ++++As library of:	/home/ted/neovim/share/nvim/runtime/lua
[21:13:15.846][info] [#0:script.workspace.workspace:227]: Preload file at: file:///home/ted/neovim/share/nvim/runtime/lua/vim/treesitter.lua , size = 2.425 KB
[21:13:15.846][info] [#0:script.workspace.workspace:229]: ++++As library of:	/home/ted/neovim/share/nvim/runtime/lua
[21:13:15.847][info] [#0:script.workspace.workspace:227]: Preload file at: file:///home/ted/neovim/share/nvim/runtime/lua/vim/F.lua , size = 0.379 KB
[21:13:15.847][info] [#0:script.workspace.workspace:229]: ++++As library of:	/home/ted/neovim/share/nvim/runtime/lua
[21:13:15.848][info] [#0:script.workspace.workspace:227]: Preload file at: file:///home/ted/neovim/share/nvim/runtime/lua/vim/shared.lua , size = 16.257 KB
[21:13:15.848][info] [#0:script.workspace.workspace:229]: ++++As library of:	/home/ted/neovim/share/nvim/runtime/lua
[21:13:15.854][info] [#0:script.workspace.workspace:227]: Preload file at: file:///home/ted/neovim/share/nvim/runtime/lua/vim/uri.lua , size = 3.238 KB
[21:13:15.854][info] [#0:script.workspace.workspace:229]: ++++As library of:	/home/ted/neovim/share/nvim/runtime/lua
[21:13:15.855][info] [#0:script.workspace.workspace:227]: Preload file at: file:///home/ted/neovim/share/nvim/runtime/lua/vim/lsp/util.lua , size = 54.753 KB
[21:13:15.855][info] [#0:script.workspace.workspace:229]: ++++As library of:	/home/ted/neovim/share/nvim/runtime/lua
[21:13:15.855][info] [#0:script.workspace.workspace:227]: Preload file at: file:///home/ted/neovim/share/nvim/runtime/lua/vim/lsp/buf.lua , size = 14.298 KB
[21:13:15.855][info] [#0:script.workspace.workspace:229]: ++++As library of:	/home/ted/neovim/share/nvim/runtime/lua
[21:13:15.855][info] [#0:script.workspace.workspace:227]: Preload file at: file:///home/ted/neovim/share/nvim/runtime/lua/vim/lsp/log.lua , size = 3.330 KB
[21:13:15.855][info] [#0:script.workspace.workspace:229]: ++++As library of:	/home/ted/neovim/share/nvim/runtime/lua
[21:13:15.855][info] [#0:script.workspace.workspace:227]: Preload file at: file:///home/ted/neovim/share/nvim/runtime/lua/vim/lsp/protocol.lua , size = 39.150 KB
[21:13:15.855][info] [#0:script.workspace.workspace:229]: ++++As library of:	/home/ted/neovim/share/nvim/runtime/lua
[21:13:15.856][info] [#0:script.workspace.workspace:227]: Preload file at: file:///home/ted/neovim/share/nvim/runtime/lua/vim/lsp/handlers.lua , size = 16.646 KB
[21:13:15.856][info] [#0:script.workspace.workspace:229]: ++++As library of:	/home/ted/neovim/share/nvim/runtime/lua
[21:13:15.856][info] [#0:script.workspace.workspace:227]: Preload file at: file:///home/ted/neovim/share/nvim/runtime/lua/vim/lsp/diagnostic.lua , size = 39.049 KB
[21:13:15.856][info] [#0:script.workspace.workspace:229]: ++++As library of:	/home/ted/neovim/share/nvim/runtime/lua
[21:13:15.856][info] [#0:script.workspace.workspace:227]: Preload file at: file:///home/ted/neovim/share/nvim/runtime/lua/vim/lsp/rpc.lua , size = 21.106 KB
[21:13:15.856][info] [#0:script.workspace.workspace:229]: ++++As library of:	/home/ted/neovim/share/nvim/runtime/lua
[21:13:15.856][info] [#0:script.workspace.workspace:310]: Found 41 files.
[21:13:15.856][info] [#0:script.workspace.workspace:312]: Loaded 34/41 files
[21:13:15.857][info] [#0:script.workspace.workspace:227]: Preload file at: file:///home/ted/neovim/share/nvim/runtime/lua/vim/lsp.lua , size = 47.742 KB
[21:13:15.857][info] [#0:script.workspace.workspace:229]: ++++As library of:	/home/ted/neovim/share/nvim/runtime/lua
[21:13:15.875][info] [#0:script.workspace.workspace:227]: Preload file at: file:///home/ted/neovim/share/nvim/runtime/lua/vim/treesitter/highlighter.lua , size = 7.239 KB
[21:13:15.875][info] [#0:script.workspace.workspace:229]: ++++As library of:	/home/ted/neovim/share/nvim/runtime/lua
[21:13:15.878][info] [#0:script.workspace.workspace:227]: Preload file at: file:///home/ted/neovim/share/nvim/runtime/lua/vim/treesitter/languagetree.lua , size = 14.552 KB
[21:13:15.878][info] [#0:script.workspace.workspace:229]: ++++As library of:	/home/ted/neovim/share/nvim/runtime/lua
[21:13:15.883][info] [#0:script.workspace.workspace:227]: Preload file at: file:///home/ted/neovim/share/nvim/runtime/lua/vim/treesitter/query.lua , size = 12.126 KB
[21:13:15.883][info] [#0:script.workspace.workspace:229]: ++++As library of:	/home/ted/neovim/share/nvim/runtime/lua
[21:13:15.888][info] [#0:script.workspace.workspace:227]: Preload file at: file:///home/ted/neovim/share/nvim/runtime/lua/vim/treesitter/language.lua , size = 1.241 KB
[21:13:15.888][info] [#0:script.workspace.workspace:229]: ++++As library of:	/home/ted/neovim/share/nvim/runtime/lua
[21:13:15.889][info] [#0:script.workspace.workspace:227]: Preload file at: file:///home/ted/neovim/share/nvim/runtime/lua/vim/inspect.lua , size = 9.730 KB
[21:13:15.889][info] [#0:script.workspace.workspace:229]: ++++As library of:	/home/ted/neovim/share/nvim/runtime/lua
[21:13:15.893][info] [#0:script.workspace.workspace:227]: Preload file at: file:///home/ted/neovim/share/nvim/runtime/lua/man.lua , size = 4.964 KB
[21:13:15.893][info] [#0:script.workspace.workspace:229]: ++++As library of:	/home/ted/neovim/share/nvim/runtime/lua
[21:13:16.211][info] [#0:script.workspace.workspace:312]: Loaded 41/41 files
[21:13:16.211][info] [#0:script.workspace.workspace:321]: Preload finish.
[21:13:17.218][debug][#0:script.provider.diagnostic:340]: 全文诊断耗时：	0.007803
[21:13:18.283][debug][#0:script.provider.provider:259]: didClose	file:///home/ted/.config/nvim/lua/nv-lightbulb/init.lua
[21:14:15.228][debug][#0:script.service.service:136]: 
========= Medical Examination Report =========
    --------------- Memory ---------------
        Total: 26.862 MB
        # 00 : 20.581 MB
        # 01 : 1.085 MB
        # 02 : 2.029 MB
        # 03 : 2.029 MB
        # 04 : 1.138 MB
    --------------- Coroutine ---------------
        Total:     11
        Running:   0
        Suspended: 0
        Normal:    0
        Dead:      11
    --------------- Cache ---------------
        Total: 2
        Dead:  1
    --------------- Proto ---------------
        Holdon:   0
        Waiting:  0
==============================================
[21:15:15.243][debug][#0:script.service.service:136]: 
========= Medical Examination Report =========
    --------------- Memory ---------------
        Total: 27.196 MB
        # 00 : 20.916 MB
        # 01 : 1.085 MB
        # 02 : 2.029 MB
        # 03 : 2.029 MB
        # 04 : 1.138 MB
    --------------- Coroutine ---------------
        Total:     11
        Running:   0
        Suspended: 0
        Normal:    0
        Dead:      11
    --------------- Cache ---------------
        Total: 2
        Dead:  1
    --------------- Proto ---------------
        Holdon:   0
        Waiting:  0
==============================================
[21:16:15.256][debug][#0:script.service.service:136]: 
========= Medical Examination Report =========
    --------------- Memory ---------------
        Total: 27.530 MB
        # 00 : 21.249 MB
        # 01 : 1.085 MB
        # 02 : 2.029 MB
        # 03 : 2.029 MB
        # 04 : 1.138 MB
    --------------- Coroutine ---------------
        Total:     11
        Running:   0
        Suspended: 0
        Normal:    0
        Dead:      11
    --------------- Cache ---------------
        Total: 2
        Dead:  1
    --------------- Proto ---------------
        Holdon:   0
        Waiting:  0
==============================================
[21:17:15.269][debug][#0:script.service.service:136]: 
========= Medical Examination Report =========
    --------------- Memory ---------------
        Total: 27.865 MB
        # 00 : 21.584 MB
        # 01 : 1.085 MB
        # 02 : 2.029 MB
        # 03 : 2.029 MB
        # 04 : 1.138 MB
    --------------- Coroutine ---------------
        Total:     11
        Running:   0
        Suspended: 0
        Normal:    0
        Dead:      11
    --------------- Cache ---------------
        Total: 2
        Dead:  1
    --------------- Proto ---------------
        Holdon:   0
        Waiting:  0
==============================================
[21:18:15.278][debug][#0:script.service.service:136]: 
========= Medical Examination Report =========
    --------------- Memory ---------------
        Total: 28.199 MB
        # 00 : 21.918 MB
        # 01 : 1.085 MB
        # 02 : 2.029 MB
        # 03 : 2.029 MB
        # 04 : 1.138 MB
    --------------- Coroutine ---------------
        Total:     11
        Running:   0
        Suspended: 0
        Normal:    0
        Dead:      11
    --------------- Cache ---------------
        Total: 2
        Dead:  1
    --------------- Proto ---------------
        Holdon:   0
        Waiting:  0
==============================================
[21:19:15.286][debug][#0:script.service.service:136]: 
========= Medical Examination Report =========
    --------------- Memory ---------------
        Total: 8.263 MB
        # 00 : 1.982 MB
        # 01 : 1.085 MB
        # 02 : 2.029 MB
        # 03 : 2.029 MB
        # 04 : 1.138 MB
    --------------- Coroutine ---------------
        Total:     0
        Running:   0
        Suspended: 0
        Normal:    0
        Dead:      0
    --------------- Cache ---------------
        Total: 1
        Dead:  0
    --------------- Proto ---------------
        Holdon:   0
        Waiting:  0
==============================================
[21:20:15.299][debug][#0:script.service.service:136]: 
========= Medical Examination Report =========
    --------------- Memory ---------------
        Total: 8.596 MB
        # 00 : 2.316 MB
        # 01 : 1.085 MB
        # 02 : 2.029 MB
        # 03 : 2.029 MB
        # 04 : 1.138 MB
    --------------- Coroutine ---------------
        Total:     0
        Running:   0
        Suspended: 0
        Normal:    0
        Dead:      0
    --------------- Cache ---------------
        Total: 1
        Dead:  0
    --------------- Proto ---------------
        Holdon:   0
        Waiting:  0
==============================================
[21:21:15.315][debug][#0:script.service.service:136]: 
========= Medical Examination Report =========
    --------------- Memory ---------------
        Total: 8.930 MB
        # 00 : 2.649 MB
        # 01 : 1.085 MB
        # 02 : 2.029 MB
        # 03 : 2.029 MB
        # 04 : 1.138 MB
    --------------- Coroutine ---------------
        Total:     0
        Running:   0
        Suspended: 0
        Normal:    0
        Dead:      0
    --------------- Cache ---------------
        Total: 1
        Dead:  0
    --------------- Proto ---------------
        Holdon:   0
        Waiting:  0
==============================================
[21:22:15.332][debug][#0:script.service.service:136]: 
========= Medical Examination Report =========
    --------------- Memory ---------------
        Total: 9.263 MB
        # 00 : 2.982 MB
        # 01 : 1.085 MB
        # 02 : 2.029 MB
        # 03 : 2.029 MB
        # 04 : 1.138 MB
    --------------- Coroutine ---------------
        Total:     0
        Running:   0
        Suspended: 0
        Normal:    0
        Dead:      0
    --------------- Cache ---------------
        Total: 1
        Dead:  0
    --------------- Proto ---------------
        Holdon:   0
        Waiting:  0
==============================================
[21:23:15.346][debug][#0:script.service.service:136]: 
========= Medical Examination Report =========
    --------------- Memory ---------------
        Total: 9.595 MB
        # 00 : 3.314 MB
        # 01 : 1.085 MB
        # 02 : 2.029 MB
        # 03 : 2.029 MB
        # 04 : 1.138 MB
    --------------- Coroutine ---------------
        Total:     0
        Running:   0
        Suspended: 0
        Normal:    0
        Dead:      0
    --------------- Cache ---------------
        Total: 1
        Dead:  0
    --------------- Proto ---------------
        Holdon:   0
        Waiting:  0
==============================================
[21:24:15.361][debug][#0:script.service.service:136]: 
========= Medical Examination Report =========
    --------------- Memory ---------------
        Total: 8.053 MB
        # 00 : 1.773 MB
        # 01 : 1.085 MB
        # 02 : 2.029 MB
        # 03 : 2.029 MB
        # 04 : 1.138 MB
    --------------- Coroutine ---------------
        Total:     0
        Running:   0
        Suspended: 0
        Normal:    0
        Dead:      0
    --------------- Cache ---------------
        Total: 1
        Dead:  0
    --------------- Proto ---------------
        Holdon:   0
        Waiting:  0
==============================================
[21:25:15.377][debug][#0:script.service.service:136]: 
========= Medical Examination Report =========
    --------------- Memory ---------------
        Total: 8.045 MB
        # 00 : 1.765 MB
        # 01 : 1.085 MB
        # 02 : 2.029 MB
        # 03 : 2.029 MB
        # 04 : 1.138 MB
    --------------- Coroutine ---------------
        Total:     0
        Running:   0
        Suspended: 0
        Normal:    0
        Dead:      0
    --------------- Cache ---------------
        Total: 1
        Dead:  0
    --------------- Proto ---------------
        Holdon:   0
        Waiting:  0
==============================================
[21:26:15.390][debug][#0:script.service.service:136]: 
========= Medical Examination Report =========
    --------------- Memory ---------------
        Total: 8.037 MB
        # 00 : 1.757 MB
        # 01 : 1.085 MB
        # 02 : 2.029 MB
        # 03 : 2.029 MB
        # 04 : 1.138 MB
    --------------- Coroutine ---------------
        Total:     0
        Running:   0
        Suspended: 0
        Normal:    0
        Dead:      0
    --------------- Cache ---------------
        Total: 1
        Dead:  0
    --------------- Proto ---------------
        Holdon:   0
        Waiting:  0
==============================================
[21:27:15.403][debug][#0:script.service.service:136]: 
========= Medical Examination Report =========
    --------------- Memory ---------------
        Total: 8.029 MB
        # 00 : 1.748 MB
        # 01 : 1.085 MB
        # 02 : 2.029 MB
        # 03 : 2.029 MB
        # 04 : 1.138 MB
    --------------- Coroutine ---------------
        Total:     0
        Running:   0
        Suspended: 0
        Normal:    0
        Dead:      0
    --------------- Cache ---------------
        Total: 1
        Dead:  0
    --------------- Proto ---------------
        Holdon:   0
        Waiting:  0
==============================================
[21:28:15.415][debug][#0:script.service.service:136]: 
========= Medical Examination Report =========
    --------------- Memory ---------------
        Total: 8.021 MB
        # 00 : 1.740 MB
        # 01 : 1.085 MB
        # 02 : 2.029 MB
        # 03 : 2.029 MB
        # 04 : 1.138 MB
    --------------- Coroutine ---------------
        Total:     0
        Running:   0
        Suspended: 0
        Normal:    0
        Dead:      0
    --------------- Cache ---------------
        Total: 1
        Dead:  0
    --------------- Proto ---------------
        Holdon:   0
        Waiting:  0
==============================================
[21:29:15.432][debug][#0:script.service.service:136]: 
========= Medical Examination Report =========
    --------------- Memory ---------------
        Total: 8.013 MB
        # 00 : 1.732 MB
        # 01 : 1.085 MB
        # 02 : 2.029 MB
        # 03 : 2.029 MB
        # 04 : 1.138 MB
    --------------- Coroutine ---------------
        Total:     0
        Running:   0
        Suspended: 0
        Normal:    0
        Dead:      0
    --------------- Cache ---------------
        Total: 1
        Dead:  0
    --------------- Proto ---------------
        Holdon:   0
        Waiting:  0
==============================================
[21:30:15.449][debug][#0:script.service.service:136]: 
========= Medical Examination Report =========
    --------------- Memory ---------------
        Total: 8.005 MB
        # 00 : 1.724 MB
        # 01 : 1.085 MB
        # 02 : 2.029 MB
        # 03 : 2.029 MB
        # 04 : 1.138 MB
    --------------- Coroutine ---------------
        Total:     0
        Running:   0
        Suspended: 0
        Normal:    0
        Dead:      0
    --------------- Cache ---------------
        Total: 1
        Dead:  0
    --------------- Proto ---------------
        Holdon:   0
        Waiting:  0
==============================================
[21:31:15.465][debug][#0:script.service.service:136]: 
========= Medical Examination Report =========
    --------------- Memory ---------------
        Total: 7.997 MB
        # 00 : 1.716 MB
        # 01 : 1.085 MB
        # 02 : 2.029 MB
        # 03 : 2.029 MB
        # 04 : 1.138 MB
    --------------- Coroutine ---------------
        Total:     0
        Running:   0
        Suspended: 0
        Normal:    0
        Dead:      0
    --------------- Cache ---------------
        Total: 1
        Dead:  0
    --------------- Proto ---------------
        Holdon:   0
        Waiting:  0
==============================================
[21:32:15.480][debug][#0:script.service.service:136]: 
========= Medical Examination Report =========
    --------------- Memory ---------------
        Total: 8.159 MB
        # 00 : 1.878 MB
        # 01 : 1.085 MB
        # 02 : 2.029 MB
        # 03 : 2.029 MB
        # 04 : 1.138 MB
    --------------- Coroutine ---------------
        Total:     0
        Running:   0
        Suspended: 0
        Normal:    0
        Dead:      0
    --------------- Cache ---------------
        Total: 1
        Dead:  0
    --------------- Proto ---------------
        Holdon:   0
        Waiting:  0
==============================================
[21:33:15.493][debug][#0:script.service.service:136]: 
========= Medical Examination Report =========
    --------------- Memory ---------------
        Total: 8.151 MB
        # 00 : 1.870 MB
        # 01 : 1.085 MB
        # 02 : 2.029 MB
        # 03 : 2.029 MB
        # 04 : 1.138 MB
    --------------- Coroutine ---------------
        Total:     0
        Running:   0
        Suspended: 0
        Normal:    0
        Dead:      0
    --------------- Cache ---------------
        Total: 1
        Dead:  0
    --------------- Proto ---------------
        Holdon:   0
        Waiting:  0
==============================================
[21:34:15.509][debug][#0:script.service.service:136]: 
========= Medical Examination Report =========
    --------------- Memory ---------------
        Total: 8.143 MB
        # 00 : 1.862 MB
        # 01 : 1.085 MB
        # 02 : 2.029 MB
        # 03 : 2.029 MB
        # 04 : 1.138 MB
    --------------- Coroutine ---------------
        Total:     0
        Running:   0
        Suspended: 0
        Normal:    0
        Dead:      0
    --------------- Cache ---------------
        Total: 1
        Dead:  0
    --------------- Proto ---------------
        Holdon:   0
        Waiting:  0
==============================================
[21:35:15.525][debug][#0:script.service.service:136]: 
========= Medical Examination Report =========
    --------------- Memory ---------------
        Total: 8.135 MB
        # 00 : 1.854 MB
        # 01 : 1.085 MB
        # 02 : 2.029 MB
        # 03 : 2.029 MB
        # 04 : 1.138 MB
    --------------- Coroutine ---------------
        Total:     0
        Running:   0
        Suspended: 0
        Normal:    0
        Dead:      0
    --------------- Cache ---------------
        Total: 1
        Dead:  0
    --------------- Proto ---------------
        Holdon:   0
        Waiting:  0
==============================================
[21:36:15.541][debug][#0:script.service.service:136]: 
========= Medical Examination Report =========
    --------------- Memory ---------------
        Total: 8.127 MB
        # 00 : 1.846 MB
        # 01 : 1.085 MB
        # 02 : 2.029 MB
        # 03 : 2.029 MB
        # 04 : 1.138 MB
    --------------- Coroutine ---------------
        Total:     0
        Running:   0
        Suspended: 0
        Normal:    0
        Dead:      0
    --------------- Cache ---------------
        Total: 1
        Dead:  0
    --------------- Proto ---------------
        Holdon:   0
        Waiting:  0
==============================================
[21:37:15.558][debug][#0:script.service.service:136]: 
========= Medical Examination Report =========
    --------------- Memory ---------------
        Total: 8.119 MB
        # 00 : 1.838 MB
        # 01 : 1.085 MB
        # 02 : 2.029 MB
        # 03 : 2.029 MB
        # 04 : 1.138 MB
    --------------- Coroutine ---------------
        Total:     0
        Running:   0
        Suspended: 0
        Normal:    0
        Dead:      0
    --------------- Cache ---------------
        Total: 1
        Dead:  0
    --------------- Proto ---------------
        Holdon:   0
        Waiting:  0
==============================================
[21:38:15.574][debug][#0:script.service.service:136]: 
========= Medical Examination Report =========
    --------------- Memory ---------------
        Total: 8.110 MB
        # 00 : 1.830 MB
        # 01 : 1.085 MB
        # 02 : 2.029 MB
        # 03 : 2.029 MB
        # 04 : 1.138 MB
    --------------- Coroutine ---------------
        Total:     0
        Running:   0
        Suspended: 0
        Normal:    0
        Dead:      0
    --------------- Cache ---------------
        Total: 1
        Dead:  0
    --------------- Proto ---------------
        Holdon:   0
        Waiting:  0
==============================================
[21:39:15.587][debug][#0:script.service.service:136]: 
========= Medical Examination Report =========
    --------------- Memory ---------------
        Total: 8.102 MB
        # 00 : 1.822 MB
        # 01 : 1.085 MB
        # 02 : 2.029 MB
        # 03 : 2.029 MB
        # 04 : 1.138 MB
    --------------- Coroutine ---------------
        Total:     0
        Running:   0
        Suspended: 0
        Normal:    0
        Dead:      0
    --------------- Cache ---------------
        Total: 1
        Dead:  0
    --------------- Proto ---------------
        Holdon:   0
        Waiting:  0
==============================================
[21:40:15.599][debug][#0:script.service.service:136]: 
========= Medical Examination Report =========
    --------------- Memory ---------------
        Total: 8.094 MB
        # 00 : 1.813 MB
        # 01 : 1.085 MB
        # 02 : 2.029 MB
        # 03 : 2.029 MB
        # 04 : 1.138 MB
    --------------- Coroutine ---------------
        Total:     0
        Running:   0
        Suspended: 0
        Normal:    0
        Dead:      0
    --------------- Cache ---------------
        Total: 1
        Dead:  0
    --------------- Proto ---------------
        Holdon:   0
        Waiting:  0
==============================================
[21:41:15.612][debug][#0:script.service.service:136]: 
========= Medical Examination Report =========
    --------------- Memory ---------------
        Total: 8.086 MB
        # 00 : 1.805 MB
        # 01 : 1.085 MB
        # 02 : 2.029 MB
        # 03 : 2.029 MB
        # 04 : 1.138 MB
    --------------- Coroutine ---------------
        Total:     0
        Running:   0
        Suspended: 0
        Normal:    0
        Dead:      0
    --------------- Cache ---------------
        Total: 1
        Dead:  0
    --------------- Proto ---------------
        Holdon:   0
        Waiting:  0
==============================================
[21:42:15.630][debug][#0:script.service.service:136]: 
========= Medical Examination Report =========
    --------------- Memory ---------------
        Total: 8.078 MB
        # 00 : 1.797 MB
        # 01 : 1.085 MB
        # 02 : 2.029 MB
        # 03 : 2.029 MB
        # 04 : 1.138 MB
    --------------- Coroutine ---------------
        Total:     0
        Running:   0
        Suspended: 0
        Normal:    0
        Dead:      0
    --------------- Cache ---------------
        Total: 1
        Dead:  0
    --------------- Proto ---------------
        Holdon:   0
        Waiting:  0
==============================================
[21:43:15.656][debug][#0:script.service.service:136]: 
========= Medical Examination Report =========
    --------------- Memory ---------------
        Total: 8.070 MB
        # 00 : 1.789 MB
        # 01 : 1.085 MB
        # 02 : 2.029 MB
        # 03 : 2.029 MB
        # 04 : 1.138 MB
    --------------- Coroutine ---------------
        Total:     0
        Running:   0
        Suspended: 0
        Normal:    0
        Dead:      0
    --------------- Cache ---------------
        Total: 1
        Dead:  0
    --------------- Proto ---------------
        Holdon:   0
        Waiting:  0
==============================================
[21:44:15.689][debug][#0:script.service.service:136]: 
========= Medical Examination Report =========
    --------------- Memory ---------------
        Total: 8.062 MB
        # 00 : 1.781 MB
        # 01 : 1.085 MB
        # 02 : 2.029 MB
        # 03 : 2.029 MB
        # 04 : 1.138 MB
    --------------- Coroutine ---------------
        Total:     0
        Running:   0
        Suspended: 0
        Normal:    0
        Dead:      0
    --------------- Cache ---------------
        Total: 1
        Dead:  0
    --------------- Proto ---------------
        Holdon:   0
        Waiting:  0
==============================================
[21:45:15.712][debug][#0:script.service.service:136]: 
========= Medical Examination Report =========
    --------------- Memory ---------------
        Total: 8.054 MB
        # 00 : 1.773 MB
        # 01 : 1.085 MB
        # 02 : 2.029 MB
        # 03 : 2.029 MB
        # 04 : 1.138 MB
    --------------- Coroutine ---------------
        Total:     0
        Running:   0
        Suspended: 0
        Normal:    0
        Dead:      0
    --------------- Cache ---------------
        Total: 1
        Dead:  0
    --------------- Proto ---------------
        Holdon:   0
        Waiting:  0
==============================================
[21:46:15.727][debug][#0:script.service.service:136]: 
========= Medical Examination Report =========
    --------------- Memory ---------------
        Total: 8.046 MB
        # 00 : 1.765 MB
        # 01 : 1.085 MB
        # 02 : 2.029 MB
        # 03 : 2.029 MB
        # 04 : 1.138 MB
    --------------- Coroutine ---------------
        Total:     0
        Running:   0
        Suspended: 0
        Normal:    0
        Dead:      0
    --------------- Cache ---------------
        Total: 1
        Dead:  0
    --------------- Proto ---------------
        Holdon:   0
        Waiting:  0
==============================================
[21:47:15.746][debug][#0:script.service.service:136]: 
========= Medical Examination Report =========
    --------------- Memory ---------------
        Total: 8.037 MB
        # 00 : 1.757 MB
        # 01 : 1.085 MB
        # 02 : 2.029 MB
        # 03 : 2.029 MB
        # 04 : 1.138 MB
    --------------- Coroutine ---------------
        Total:     0
        Running:   0
        Suspended: 0
        Normal:    0
        Dead:      0
    --------------- Cache ---------------
        Total: 1
        Dead:  0
    --------------- Proto ---------------
        Holdon:   0
        Waiting:  0
==============================================
[21:48:15.769][debug][#0:script.service.service:136]: 
========= Medical Examination Report =========
    --------------- Memory ---------------
        Total: 8.029 MB
        # 00 : 1.749 MB
        # 01 : 1.085 MB
        # 02 : 2.029 MB
        # 03 : 2.029 MB
        # 04 : 1.138 MB
    --------------- Coroutine ---------------
        Total:     0
        Running:   0
        Suspended: 0
        Normal:    0
        Dead:      0
    --------------- Cache ---------------
        Total: 1
        Dead:  0
    --------------- Proto ---------------
        Holdon:   0
        Waiting:  0
==============================================
[21:49:15.784][debug][#0:script.service.service:136]: 
========= Medical Examination Report =========
    --------------- Memory ---------------
        Total: 8.021 MB
        # 00 : 1.740 MB
        # 01 : 1.085 MB
        # 02 : 2.029 MB
        # 03 : 2.029 MB
        # 04 : 1.138 MB
    --------------- Coroutine ---------------
        Total:     0
        Running:   0
        Suspended: 0
        Normal:    0
        Dead:      0
    --------------- Cache ---------------
        Total: 1
        Dead:  0
    --------------- Proto ---------------
        Holdon:   0
        Waiting:  0
==============================================
[21:50:15.803][debug][#0:script.service.service:136]: 
========= Medical Examination Report =========
    --------------- Memory ---------------
        Total: 8.013 MB
        # 00 : 1.732 MB
        # 01 : 1.085 MB
        # 02 : 2.029 MB
        # 03 : 2.029 MB
        # 04 : 1.138 MB
    --------------- Coroutine ---------------
        Total:     0
        Running:   0
        Suspended: 0
        Normal:    0
        Dead:      0
    --------------- Cache ---------------
        Total: 1
        Dead:  0
    --------------- Proto ---------------
        Holdon:   0
        Waiting:  0
==============================================
[21:51:15.822][debug][#0:script.service.service:136]: 
========= Medical Examination Report =========
    --------------- Memory ---------------
        Total: 8.005 MB
        # 00 : 1.724 MB
        # 01 : 1.085 MB
        # 02 : 2.029 MB
        # 03 : 2.029 MB
        # 04 : 1.138 MB
    --------------- Coroutine ---------------
        Total:     0
        Running:   0
        Suspended: 0
        Normal:    0
        Dead:      0
    --------------- Cache ---------------
        Total: 1
        Dead:  0
    --------------- Proto ---------------
        Holdon:   0
        Waiting:  0
==============================================
[21:52:15.839][debug][#0:script.service.service:136]: 
========= Medical Examination Report =========
    --------------- Memory ---------------
        Total: 7.997 MB
        # 00 : 1.716 MB
        # 01 : 1.085 MB
        # 02 : 2.029 MB
        # 03 : 2.029 MB
        # 04 : 1.138 MB
    --------------- Coroutine ---------------
        Total:     0
        Running:   0
        Suspended: 0
        Normal:    0
        Dead:      0
    --------------- Cache ---------------
        Total: 1
        Dead:  0
    --------------- Proto ---------------
        Holdon:   0
        Waiting:  0
==============================================
[21:53:15.857][debug][#0:script.service.service:136]: 
========= Medical Examination Report =========
    --------------- Memory ---------------
        Total: 8.159 MB
        # 00 : 1.878 MB
        # 01 : 1.085 MB
        # 02 : 2.029 MB
        # 03 : 2.029 MB
        # 04 : 1.138 MB
    --------------- Coroutine ---------------
        Total:     0
        Running:   0
        Suspended: 0
        Normal:    0
        Dead:      0
    --------------- Cache ---------------
        Total: 1
        Dead:  0
    --------------- Proto ---------------
        Holdon:   0
        Waiting:  0
==============================================
[21:54:15.876][debug][#0:script.service.service:136]: 
========= Medical Examination Report =========
    --------------- Memory ---------------
        Total: 8.151 MB
        # 00 : 1.870 MB
        # 01 : 1.085 MB
        # 02 : 2.029 MB
        # 03 : 2.029 MB
        # 04 : 1.138 MB
    --------------- Coroutine ---------------
        Total:     0
        Running:   0
        Suspended: 0
        Normal:    0
        Dead:      0
    --------------- Cache ---------------
        Total: 1
        Dead:  0
    --------------- Proto ---------------
        Holdon:   0
        Waiting:  0
==============================================
[21:55:15.889][debug][#0:script.service.service:136]: 
========= Medical Examination Report =========
    --------------- Memory ---------------
        Total: 8.143 MB
        # 00 : 1.862 MB
        # 01 : 1.085 MB
        # 02 : 2.029 MB
        # 03 : 2.029 MB
        # 04 : 1.138 MB
    --------------- Coroutine ---------------
        Total:     0
        Running:   0
        Suspended: 0
        Normal:    0
        Dead:      0
    --------------- Cache ---------------
        Total: 1
        Dead:  0
    --------------- Proto ---------------
        Holdon:   0
        Waiting:  0
==============================================
[21:56:15.904][debug][#0:script.service.service:136]: 
========= Medical Examination Report =========
    --------------- Memory ---------------
        Total: 8.135 MB
        # 00 : 1.854 MB
        # 01 : 1.085 MB
        # 02 : 2.029 MB
        # 03 : 2.029 MB
        # 04 : 1.138 MB
    --------------- Coroutine ---------------
        Total:     0
        Running:   0
        Suspended: 0
        Normal:    0
        Dead:      0
    --------------- Cache ---------------
        Total: 1
        Dead:  0
    --------------- Proto ---------------
        Holdon:   0
        Waiting:  0
==============================================
[21:57:15.923][debug][#0:script.service.service:136]: 
========= Medical Examination Report =========
    --------------- Memory ---------------
        Total: 8.127 MB
        # 00 : 1.846 MB
        # 01 : 1.085 MB
        # 02 : 2.029 MB
        # 03 : 2.029 MB
        # 04 : 1.138 MB
    --------------- Coroutine ---------------
        Total:     0
        Running:   0
        Suspended: 0
        Normal:    0
        Dead:      0
    --------------- Cache ---------------
        Total: 1
        Dead:  0
    --------------- Proto ---------------
        Holdon:   0
        Waiting:  0
==============================================
[21:58:15.941][debug][#0:script.service.service:136]: 
========= Medical Examination Report =========
    --------------- Memory ---------------
        Total: 8.119 MB
        # 00 : 1.838 MB
        # 01 : 1.085 MB
        # 02 : 2.029 MB
        # 03 : 2.029 MB
        # 04 : 1.138 MB
    --------------- Coroutine ---------------
        Total:     0
        Running:   0
        Suspended: 0
        Normal:    0
        Dead:      0
    --------------- Cache ---------------
        Total: 1
        Dead:  0
    --------------- Proto ---------------
        Holdon:   0
        Waiting:  0
==============================================
[21:59:15.963][debug][#0:script.service.service:136]: 
========= Medical Examination Report =========
    --------------- Memory ---------------
        Total: 8.111 MB
        # 00 : 1.830 MB
        # 01 : 1.085 MB
        # 02 : 2.029 MB
        # 03 : 2.029 MB
        # 04 : 1.138 MB
    --------------- Coroutine ---------------
        Total:     0
        Running:   0
        Suspended: 0
        Normal:    0
        Dead:      0
    --------------- Cache ---------------
        Total: 1
        Dead:  0
    --------------- Proto ---------------
        Holdon:   0
        Waiting:  0
==============================================
[22:00:15.983][debug][#0:script.service.service:136]: 
========= Medical Examination Report =========
    --------------- Memory ---------------
        Total: 8.102 MB
        # 00 : 1.822 MB
        # 01 : 1.085 MB
        # 02 : 2.029 MB
        # 03 : 2.029 MB
        # 04 : 1.138 MB
    --------------- Coroutine ---------------
        Total:     0
        Running:   0
        Suspended: 0
        Normal:    0
        Dead:      0
    --------------- Cache ---------------
        Total: 1
        Dead:  0
    --------------- Proto ---------------
        Holdon:   0
        Waiting:  0
==============================================
[22:01:16.004][debug][#0:script.service.service:136]: 
========= Medical Examination Report =========
    --------------- Memory ---------------
        Total: 8.094 MB
        # 00 : 1.814 MB
        # 01 : 1.085 MB
        # 02 : 2.029 MB
        # 03 : 2.029 MB
        # 04 : 1.138 MB
    --------------- Coroutine ---------------
        Total:     0
        Running:   0
        Suspended: 0
        Normal:    0
        Dead:      0
    --------------- Cache ---------------
        Total: 1
        Dead:  0
    --------------- Proto ---------------
        Holdon:   0
        Waiting:  0
==============================================
[22:02:16.028][debug][#0:script.service.service:136]: 
========= Medical Examination Report =========
    --------------- Memory ---------------
        Total: 8.086 MB
        # 00 : 1.805 MB
        # 01 : 1.085 MB
        # 02 : 2.029 MB
        # 03 : 2.029 MB
        # 04 : 1.138 MB
    --------------- Coroutine ---------------
        Total:     0
        Running:   0
        Suspended: 0
        Normal:    0
        Dead:      0
    --------------- Cache ---------------
        Total: 1
        Dead:  0
    --------------- Proto ---------------
        Holdon:   0
        Waiting:  0
==============================================
[22:03:16.047][debug][#0:script.service.service:136]: 
========= Medical Examination Report =========
    --------------- Memory ---------------
        Total: 8.078 MB
        # 00 : 1.797 MB
        # 01 : 1.085 MB
        # 02 : 2.029 MB
        # 03 : 2.029 MB
        # 04 : 1.138 MB
    --------------- Coroutine ---------------
        Total:     0
        Running:   0
        Suspended: 0
        Normal:    0
        Dead:      0
    --------------- Cache ---------------
        Total: 1
        Dead:  0
    --------------- Proto ---------------
        Holdon:   0
        Waiting:  0
==============================================
[22:04:16.060][debug][#0:script.service.service:136]: 
========= Medical Examination Report =========
    --------------- Memory ---------------
        Total: 8.070 MB
        # 00 : 1.789 MB
        # 01 : 1.085 MB
        # 02 : 2.029 MB
        # 03 : 2.029 MB
        # 04 : 1.138 MB
    --------------- Coroutine ---------------
        Total:     0
        Running:   0
        Suspended: 0
        Normal:    0
        Dead:      0
    --------------- Cache ---------------
        Total: 1
        Dead:  0
    --------------- Proto ---------------
        Holdon:   0
        Waiting:  0
==============================================
[22:05:16.071][debug][#0:script.service.service:136]: 
========= Medical Examination Report =========
    --------------- Memory ---------------
        Total: 8.062 MB
        # 00 : 1.781 MB
        # 01 : 1.085 MB
        # 02 : 2.029 MB
        # 03 : 2.029 MB
        # 04 : 1.138 MB
    --------------- Coroutine ---------------
        Total:     0
        Running:   0
        Suspended: 0
        Normal:    0
        Dead:      0
    --------------- Cache ---------------
        Total: 1
        Dead:  0
    --------------- Proto ---------------
        Holdon:   0
        Waiting:  0
==============================================
[22:06:16.084][debug][#0:script.service.service:136]: 
========= Medical Examination Report =========
    --------------- Memory ---------------
        Total: 8.054 MB
        # 00 : 1.773 MB
        # 01 : 1.085 MB
        # 02 : 2.029 MB
        # 03 : 2.029 MB
        # 04 : 1.138 MB
    --------------- Coroutine ---------------
        Total:     0
        Running:   0
        Suspended: 0
        Normal:    0
        Dead:      0
    --------------- Cache ---------------
        Total: 1
        Dead:  0
    --------------- Proto ---------------
        Holdon:   0
        Waiting:  0
==============================================
[22:07:16.094][debug][#0:script.service.service:136]: 
========= Medical Examination Report =========
    --------------- Memory ---------------
        Total: 8.046 MB
        # 00 : 1.765 MB
        # 01 : 1.085 MB
        # 02 : 2.029 MB
        # 03 : 2.029 MB
        # 04 : 1.138 MB
    --------------- Coroutine ---------------
        Total:     0
        Running:   0
        Suspended: 0
        Normal:    0
        Dead:      0
    --------------- Cache ---------------
        Total: 1
        Dead:  0
    --------------- Proto ---------------
        Holdon:   0
        Waiting:  0
==============================================
[22:08:16.108][debug][#0:script.service.service:136]: 
========= Medical Examination Report =========
    --------------- Memory ---------------
        Total: 8.037 MB
        # 00 : 1.757 MB
        # 01 : 1.085 MB
        # 02 : 2.029 MB
        # 03 : 2.029 MB
        # 04 : 1.138 MB
    --------------- Coroutine ---------------
        Total:     0
        Running:   0
        Suspended: 0
        Normal:    0
        Dead:      0
    --------------- Cache ---------------
        Total: 1
        Dead:  0
    --------------- Proto ---------------
        Holdon:   0
        Waiting:  0
==============================================
[22:09:16.121][debug][#0:script.service.service:136]: 
========= Medical Examination Report =========
    --------------- Memory ---------------
        Total: 8.029 MB
        # 00 : 1.748 MB
        # 01 : 1.085 MB
        # 02 : 2.029 MB
        # 03 : 2.029 MB
        # 04 : 1.138 MB
    --------------- Coroutine ---------------
        Total:     0
        Running:   0
        Suspended: 0
        Normal:    0
        Dead:      0
    --------------- Cache ---------------
        Total: 1
        Dead:  0
    --------------- Proto ---------------
        Holdon:   0
        Waiting:  0
==============================================
[22:10:16.135][debug][#0:script.service.service:136]: 
========= Medical Examination Report =========
    --------------- Memory ---------------
        Total: 8.021 MB
        # 00 : 1.740 MB
        # 01 : 1.085 MB
        # 02 : 2.029 MB
        # 03 : 2.029 MB
        # 04 : 1.138 MB
    --------------- Coroutine ---------------
        Total:     0
        Running:   0
        Suspended: 0
        Normal:    0
        Dead:      0
    --------------- Cache ---------------
        Total: 1
        Dead:  0
    --------------- Proto ---------------
        Holdon:   0
        Waiting:  0
==============================================
[22:11:16.150][debug][#0:script.service.service:136]: 
========= Medical Examination Report =========
    --------------- Memory ---------------
        Total: 8.013 MB
        # 00 : 1.732 MB
        # 01 : 1.085 MB
        # 02 : 2.029 MB
        # 03 : 2.029 MB
        # 04 : 1.138 MB
    --------------- Coroutine ---------------
        Total:     0
        Running:   0
        Suspended: 0
        Normal:    0
        Dead:      0
    --------------- Cache ---------------
        Total: 1
        Dead:  0
    --------------- Proto ---------------
        Holdon:   0
        Waiting:  0
==============================================
[22:12:15.163][debug][#0:script.service.service:136]: 
========= Medical Examination Report =========
    --------------- Memory ---------------
        Total: 8.005 MB
        # 00 : 1.724 MB
        # 01 : 1.085 MB
        # 02 : 2.029 MB
        # 03 : 2.029 MB
        # 04 : 1.138 MB
    --------------- Coroutine ---------------
        Total:     0
        Running:   0
        Suspended: 0
        Normal:    0
        Dead:      0
    --------------- Cache ---------------
        Total: 1
        Dead:  0
    --------------- Proto ---------------
        Holdon:   0
        Waiting:  0
==============================================
[22:13:15.178][debug][#0:script.service.service:136]: 
========= Medical Examination Report =========
    --------------- Memory ---------------
        Total: 7.997 MB
        # 00 : 1.716 MB
        # 01 : 1.085 MB
        # 02 : 2.029 MB
        # 03 : 2.029 MB
        # 04 : 1.138 MB
    --------------- Coroutine ---------------
        Total:     0
        Running:   0
        Suspended: 0
        Normal:    0
        Dead:      0
    --------------- Cache ---------------
        Total: 1
        Dead:  0
    --------------- Proto ---------------
        Holdon:   0
        Waiting:  0
==============================================
[22:14:15.189][debug][#0:script.service.service:136]: 
========= Medical Examination Report =========
    --------------- Memory ---------------
        Total: 8.159 MB
        # 00 : 1.878 MB
        # 01 : 1.085 MB
        # 02 : 2.029 MB
        # 03 : 2.029 MB
        # 04 : 1.138 MB
    --------------- Coroutine ---------------
        Total:     0
        Running:   0
        Suspended: 0
        Normal:    0
        Dead:      0
    --------------- Cache ---------------
        Total: 1
        Dead:  0
    --------------- Proto ---------------
        Holdon:   0
        Waiting:  0
==============================================
[22:15:15.205][debug][#0:script.service.service:136]: 
========= Medical Examination Report =========
    --------------- Memory ---------------
        Total: 8.151 MB
        # 00 : 1.870 MB
        # 01 : 1.085 MB
        # 02 : 2.029 MB
        # 03 : 2.029 MB
        # 04 : 1.138 MB
    --------------- Coroutine ---------------
        Total:     0
        Running:   0
        Suspended: 0
        Normal:    0
        Dead:      0
    --------------- Cache ---------------
        Total: 1
        Dead:  0
    --------------- Proto ---------------
        Holdon:   0
        Waiting:  0
==============================================
[22:16:15.220][debug][#0:script.service.service:136]: 
========= Medical Examination Report =========
    --------------- Memory ---------------
        Total: 8.143 MB
        # 00 : 1.862 MB
        # 01 : 1.085 MB
        # 02 : 2.029 MB
        # 03 : 2.029 MB
        # 04 : 1.138 MB
    --------------- Coroutine ---------------
        Total:     0
        Running:   0
        Suspended: 0
        Normal:    0
        Dead:      0
    --------------- Cache ---------------
        Total: 1
        Dead:  0
    --------------- Proto ---------------
        Holdon:   0
        Waiting:  0
==============================================
