[19:10:38.169][info] [#0:main:51]: Lua Lsp startup, root: 	/home/ted/.config/nvim/.language-servers/lua-language-server
[19:10:38.169][debug][#0:main:52]: ROOT:	/home/ted/.config/nvim/.language-servers/lua-language-server
[19:10:38.169][debug][#0:main:53]: LOGPATH:	/home/ted/.config/nvim/.language-servers/lua-language-server/log
[19:10:38.169][debug][#0:main:54]: METAPATH:	/home/ted/.config/nvim/.language-servers/lua-language-server/meta
[19:10:38.173][info] [#0:script.service.telemetry:16]: Telemetry Token:	7CE931F2E638D16F
[19:10:38.197][info] [#0:script.pub.pub:48]: Create brave:	1
[19:10:38.197][info] [#0:script.pub.pub:48]: Create brave:	2
[19:10:38.197][info] [#0:script.pub.pub:48]: Create brave:	3
[19:10:38.197][info] [#0:script.pub.pub:48]: Create brave:	4
[19:10:38.197][debug][#0:script.service.service:136]: 
========= Medical Examination Report =========
    --------------- Memory ---------------
        Total: 1.757 MB
        # 00 : 1.757 MB
        # 01 : 0.000 MB
        # 02 : 0.000 MB
        # 03 : 0.000 MB
        # 04 : 0.000 MB
    --------------- Coroutine ---------------
        Total:     0
        Running:   0
        Suspended: 0
        Normal:    0
        Dead:      0
    --------------- Cache ---------------
        Total: 1
        Dead:  0
    --------------- Proto ---------------
        Holdon:   0
        Waiting:  0
==============================================
[19:10:38.222][debug][#0:script.provider.client:32]: Client init	{
    capabilities = {
        callHierarchy = {
            dynamicRegistration = false,
        },
        textDocument = {
            codeAction = {
                codeActionLiteralSupport = {
                    codeActionKind = {
                        valueSet = {
                            [01] = "",
                            [02] = "Empty",
                            [03] = "QuickFix",
                            [04] = "Refactor",
                            [05] = "RefactorExtract",
                            [06] = "RefactorInline",
                            [07] = "RefactorRewrite",
                            [08] = "Source",
                            [09] = "SourceOrganizeImports",
                            [10] = "quickfix",
                            [11] = "refactor",
                            [12] = "refactor.extract",
                            [13] = "refactor.inline",
                            [14] = "refactor.rewrite",
                            [15] = "source",
                            [16] = "source.organizeImports",
                        },
                    },
                },
                dynamicRegistration = false,
            },
            completion = {
                completionItem = {
                    commitCharactersSupport = false,
                    deprecatedSupport = false,
                    documentationFormat = {
                        [1] = "markdown",
                        [2] = "plaintext",
                    },
                    preselectSupport = false,
                    snippetSupport = false,
                },
                completionItemKind = {
                    valueSet = {
                        [01] = 1,
                        [02] = 2,
                        [03] = 3,
                        [04] = 4,
                        [05] = 5,
                        [06] = 6,
                        [07] = 7,
                        [08] = 8,
                        [09] = 9,
                        [10] = 10,
                        [11] = 11,
                        [12] = 12,
                        [13] = 13,
                        [14] = 14,
                        [15] = 15,
                        [16] = 16,
                        [17] = 17,
                        [18] = 18,
                        [19] = 19,
                        [20] = 20,
                        [21] = 21,
                        [22] = 22,
                        [23] = 23,
                        [24] = 24,
                        [25] = 25,
                    },
                },
                contextSupport = false,
                dynamicRegistration = false,
            },
            declaration = {
                linkSupport = true,
            },
            definition = {
                linkSupport = true,
            },
            documentHighlight = {
                dynamicRegistration = false,
            },
            documentSymbol = {
                dynamicRegistration = false,
                hierarchicalDocumentSymbolSupport = true,
                symbolKind = {
                    valueSet = {
                        [01] = 1,
                        [02] = 2,
                        [03] = 3,
                        [04] = 4,
                        [05] = 5,
                        [06] = 6,
                        [07] = 7,
                        [08] = 8,
                        [09] = 9,
                        [10] = 10,
                        [11] = 11,
                        [12] = 12,
                        [13] = 13,
                        [14] = 14,
                        [15] = 15,
                        [16] = 16,
                        [17] = 17,
                        [18] = 18,
                        [19] = 19,
                        [20] = 20,
                        [21] = 21,
                        [22] = 22,
                        [23] = 23,
                        [24] = 24,
                        [25] = 25,
                        [26] = 26,
                    },
                },
            },
            hover = {
                contentFormat = {
                    [1] = "markdown",
                    [2] = "plaintext",
                },
                dynamicRegistration = false,
            },
            implementation = {
                linkSupport = true,
            },
            publishDiagnostics = {
                relatedInformation = true,
                tagSupport = {
                    valueSet = {
                        [1] = 1,
                        [2] = 2,
                    },
                },
            },
            references = {
                dynamicRegistration = false,
            },
            rename = {
                dynamicRegistration = false,
                prepareSupport = true,
            },
            signatureHelp = {
                dynamicRegistration = false,
                signatureInformation = {
                    documentationFormat = {
                        [1] = "markdown",
                        [2] = "plaintext",
                    },
                },
            },
            synchronization = {
                didSave = true,
                dynamicRegistration = false,
                willSave = false,
                willSaveWaitUntil = false,
            },
            typeDefinition = {
                linkSupport = true,
            },
        },
        window = {
            showDocument = {
                support = false,
            },
            showMessage = {
                messageActionItem = {
                    additionalPropertiesSupport = false,
                },
            },
            workDoneProgress = true,
        },
        workspace = {
            applyEdit = true,
            configuration = true,
            symbol = {
                dynamicRegistration = false,
                hierarchicalWorkspaceSymbolSupport = true,
                symbolKind = {
                    valueSet = {
                        [01] = 1,
                        [02] = 2,
                        [03] = 3,
                        [04] = 4,
                        [05] = 5,
                        [06] = 6,
                        [07] = 7,
                        [08] = 8,
                        [09] = 9,
                        [10] = 10,
                        [11] = 11,
                        [12] = 12,
                        [13] = 13,
                        [14] = 14,
                        [15] = 15,
                        [16] = 16,
                        [17] = 17,
                        [18] = 18,
                        [19] = 19,
                        [20] = 20,
                        [21] = 21,
                        [22] = 22,
                        [23] = 23,
                        [24] = 24,
                        [25] = 25,
                        [26] = 26,
                    },
                },
            },
            workspaceEdit = {
                resourceOperations = {
                    [1] = "rename",
                    [2] = "create",
                    [3] = "delete",
                },
            },
            workspaceFolders = true,
        },
    },
    clientInfo = {
        name = "Neovim",
        version = "0.5.0",
    },
    initializationOptions = {
    },
    processId = 32889,
    rootPath = "/home/ted/.config/nvim/lua/nv-treesitter",
    rootUri = "file:///home/ted/.config/nvim/lua/nv-treesitter",
    trace = "off",
    workspaceFolders = {
        [1] = {
            name = "/home/ted/.config/nvim/lua/nv-treesitter",
            uri = "file:///home/ted/.config/nvim/lua/nv-treesitter",
        },
    },
}
[19:10:38.222][info] [#0:script.language:135]: VSC language: nil
[19:10:38.222][info] [#0:script.language:136]: LS  language: en-us
[19:10:38.232][info] [#0:script.workspace.workspace:31]: Workspace inited: 	file:///home/ted/.config/nvim/lua/nv-treesitter
[19:10:38.232][info] [#0:script.workspace.workspace:38]: Log path: 	/home/ted/.config/nvim/.language-servers/lua-language-server/log/file_home_ted_.config_nvim_lua_nv-treesitter.log
[19:10:38.234][debug][#0:script.provider.provider:247]: didOpen	file:///home/ted/.config/nvim/lua/nv-treesitter/init.lua
[19:10:38.235][debug][#0:script.config:248]: Config update: 	{
    color = {
        mode = "Semantic",
    },
    completion = {
        callSnippet = "Disable",
        displayContext = 6,
        enable = true,
        keywordSnippet = "Replace",
        workspaceWord = true,
    },
    diagnostics = {
        disable = {
        },
        enable = true,
        globals = {
            vim = true,
        },
        neededFileStatus = {
            ["ambiguity-1"] = "Any",
            ["circle-doc-class"] = "Any",
            ["close-non-object"] = "Any",
            ["code-after-break"] = "Opened",
            ["count-down-loop"] = "Any",
            ["doc-field-no-class"] = "Any",
            ["duplicate-doc-class"] = "Any",
            ["duplicate-doc-field"] = "Any",
            ["duplicate-doc-param"] = "Any",
            ["duplicate-index"] = "Any",
            ["duplicate-set-field"] = "Any",
            ["empty-block"] = "Opened",
            ["global-in-nil-env"] = "Any",
            ["lowercase-global"] = "Any",
            ["newfield-call"] = "Any",
            ["newline-call"] = "Any",
            ["no-implicit-any"] = "None",
            ["redefined-local"] = "Opened",
            ["redundant-parameter"] = "Opened",
            ["redundant-value"] = "Opened",
            ["trailing-space"] = "Opened",
            ["unbalanced-assignments"] = "Any",
            ["undefined-doc-class"] = "Any",
            ["undefined-doc-name"] = "Any",
            ["undefined-doc-param"] = "Any",
            ["undefined-env-child"] = "Any",
            ["undefined-field"] = "Opened",
            ["undefined-global"] = "Any",
            ["unknown-diag-code"] = "Any",
            ["unused-function"] = "Opened",
            ["unused-label"] = "Opened",
            ["unused-local"] = "Opened",
            ["unused-vararg"] = "Opened",
        },
        severity = {
            ["ambiguity-1"] = "Warning",
            ["circle-doc-class"] = "Warning",
            ["close-non-object"] = "Warning",
            ["code-after-break"] = "Hint",
            ["count-down-loop"] = "Warning",
            ["doc-field-no-class"] = "Warning",
            ["duplicate-doc-class"] = "Warning",
            ["duplicate-doc-field"] = "Warning",
            ["duplicate-doc-param"] = "Warning",
            ["duplicate-index"] = "Warning",
            ["duplicate-set-field"] = "Warning",
            ["empty-block"] = "Hint",
            ["global-in-nil-env"] = "Warning",
            ["lowercase-global"] = "Information",
            ["newfield-call"] = "Warning",
            ["newline-call"] = "Information",
            ["no-implicit-any"] = "Information",
            ["redefined-local"] = "Hint",
            ["redundant-parameter"] = "Hint",
            ["redundant-value"] = "Hint",
            ["trailing-space"] = "Hint",
            ["unbalanced-assignments"] = "Warning",
            ["undefined-doc-class"] = "Warning",
            ["undefined-doc-name"] = "Warning",
            ["undefined-doc-param"] = "Warning",
            ["undefined-env-child"] = "Information",
            ["undefined-field"] = "Warning",
            ["undefined-global"] = "Warning",
            ["unknown-diag-code"] = "Waiting",
            ["unused-function"] = "Hint",
            ["unused-label"] = "Hint",
            ["unused-local"] = "Hint",
            ["unused-vararg"] = "Hint",
        },
        workspaceDelay = 0,
        workspaceRate = 100,
    },
    hint = {
        enable = false,
        paramName = true,
        paramType = true,
        setType = false,
    },
    hover = {
        enable = true,
        fieldInfer = 3000,
        previewFields = 100,
        viewNumber = true,
        viewString = true,
        viewStringMax = 1000,
    },
    intelliSense = {
        searchDepth = 0,
    },
    runtime = {
        builtin = {
        },
        fileEncoding = "utf8",
        meta = "${version} ${language}",
        nonstandardSymbol = {
        },
        path = {
            [1] = "./?.lua",
            [2] = "/home/ted/Programs/neovim/.deps/usr/share/luajit-2.1.0-beta3/?.lua",
            [3] = "/usr/local/share/lua/5.1/?.lua",
            [4] = "/usr/local/share/lua/5.1/?/init.lua",
            [5] = "/home/ted/Programs/neovim/.deps/usr/share/lua/5.1/?.lua",
            [6] = "/home/ted/Programs/neovim/.deps/usr/share/lua/5.1/?/init.lua",
        },
        plugin = ".vscode/lua/plugin.lua",
        special = {
        },
        unicodeName = false,
        version = "LuaJIT",
    },
    signatureHelp = {
        enable = true,
    },
    telemetry = {
        enable = false,
    },
    window = {
        progressBar = true,
        statusBar = true,
    },
    workspace = {
        ignoreDir = {
        },
        ignoreSubmodules = true,
        library = {
            ["/home/ted/neovim/share/nvim/runtime/lua"] = true,
            ["/home/ted/neovim/share/nvim/runtime/lua/vim/lsp"] = true,
        },
        maxPreload = 1000,
        preloadFileSize = 100,
        useGitIgnore = true,
    },
}	{
    associations = {
    },
    exclude = {
    },
    semantic = "",
}
[19:10:38.242][debug][#0:script.provider.semantic-tokens:96]: Refresh semantic tokens.
[19:10:38.242][debug][#0:script.provider.semantic-tokens:96]: Refresh semantic tokens.
[19:10:38.242][debug][#0:script.provider.completion:19]: Enable completion.
[19:10:38.243][debug][#0:script.config:248]: Config update: 	{
    color = {
        mode = "Semantic",
    },
    completion = {
        callSnippet = "Disable",
        displayContext = 6,
        enable = true,
        keywordSnippet = "Replace",
        workspaceWord = true,
    },
    diagnostics = {
        disable = {
        },
        enable = true,
        globals = {
            vim = true,
        },
        neededFileStatus = {
            ["ambiguity-1"] = "Any",
            ["circle-doc-class"] = "Any",
            ["close-non-object"] = "Any",
            ["code-after-break"] = "Opened",
            ["count-down-loop"] = "Any",
            ["doc-field-no-class"] = "Any",
            ["duplicate-doc-class"] = "Any",
            ["duplicate-doc-field"] = "Any",
            ["duplicate-doc-param"] = "Any",
            ["duplicate-index"] = "Any",
            ["duplicate-set-field"] = "Any",
            ["empty-block"] = "Opened",
            ["global-in-nil-env"] = "Any",
            ["lowercase-global"] = "Any",
            ["newfield-call"] = "Any",
            ["newline-call"] = "Any",
            ["no-implicit-any"] = "None",
            ["redefined-local"] = "Opened",
            ["redundant-parameter"] = "Opened",
            ["redundant-value"] = "Opened",
            ["trailing-space"] = "Opened",
            ["unbalanced-assignments"] = "Any",
            ["undefined-doc-class"] = "Any",
            ["undefined-doc-name"] = "Any",
            ["undefined-doc-param"] = "Any",
            ["undefined-env-child"] = "Any",
            ["undefined-field"] = "Opened",
            ["undefined-global"] = "Any",
            ["unknown-diag-code"] = "Any",
            ["unused-function"] = "Opened",
            ["unused-label"] = "Opened",
            ["unused-local"] = "Opened",
            ["unused-vararg"] = "Opened",
        },
        severity = {
            ["ambiguity-1"] = "Warning",
            ["circle-doc-class"] = "Warning",
            ["close-non-object"] = "Warning",
            ["code-after-break"] = "Hint",
            ["count-down-loop"] = "Warning",
            ["doc-field-no-class"] = "Warning",
            ["duplicate-doc-class"] = "Warning",
            ["duplicate-doc-field"] = "Warning",
            ["duplicate-doc-param"] = "Warning",
            ["duplicate-index"] = "Warning",
            ["duplicate-set-field"] = "Warning",
            ["empty-block"] = "Hint",
            ["global-in-nil-env"] = "Warning",
            ["lowercase-global"] = "Information",
            ["newfield-call"] = "Warning",
            ["newline-call"] = "Information",
            ["no-implicit-any"] = "Information",
            ["redefined-local"] = "Hint",
            ["redundant-parameter"] = "Hint",
            ["redundant-value"] = "Hint",
            ["trailing-space"] = "Hint",
            ["unbalanced-assignments"] = "Warning",
            ["undefined-doc-class"] = "Warning",
            ["undefined-doc-name"] = "Warning",
            ["undefined-doc-param"] = "Warning",
            ["undefined-env-child"] = "Information",
            ["undefined-field"] = "Warning",
            ["undefined-global"] = "Warning",
            ["unknown-diag-code"] = "Waiting",
            ["unused-function"] = "Hint",
            ["unused-label"] = "Hint",
            ["unused-local"] = "Hint",
            ["unused-vararg"] = "Hint",
        },
        workspaceDelay = 0,
        workspaceRate = 100,
    },
    hint = {
        enable = false,
        paramName = true,
        paramType = true,
        setType = false,
    },
    hover = {
        enable = true,
        fieldInfer = 3000,
        previewFields = 100,
        viewNumber = true,
        viewString = true,
        viewStringMax = 1000,
    },
    intelliSense = {
        searchDepth = 0,
    },
    runtime = {
        builtin = {
        },
        fileEncoding = "utf8",
        meta = "${version} ${language}",
        nonstandardSymbol = {
        },
        path = {
            [1] = "./?.lua",
            [2] = "/home/ted/Programs/neovim/.deps/usr/share/luajit-2.1.0-beta3/?.lua",
            [3] = "/usr/local/share/lua/5.1/?.lua",
            [4] = "/usr/local/share/lua/5.1/?/init.lua",
            [5] = "/home/ted/Programs/neovim/.deps/usr/share/lua/5.1/?.lua",
            [6] = "/home/ted/Programs/neovim/.deps/usr/share/lua/5.1/?/init.lua",
        },
        plugin = ".vscode/lua/plugin.lua",
        special = {
        },
        unicodeName = false,
        version = "LuaJIT",
    },
    signatureHelp = {
        enable = true,
    },
    telemetry = {
        enable = false,
    },
    window = {
        progressBar = true,
        statusBar = true,
    },
    workspace = {
        ignoreDir = {
        },
        ignoreSubmodules = true,
        library = {
            ["/home/ted/neovim/share/nvim/runtime/lua"] = true,
            ["/home/ted/neovim/share/nvim/runtime/lua/vim/lsp"] = true,
        },
        maxPreload = 1000,
        preloadFileSize = 100,
        useGitIgnore = true,
    },
}	{
    associations = {
    },
    exclude = {
    },
    semantic = "",
}
[19:10:38.956][info] [#0:script.workspace.workspace:296]: Preload start.
[19:10:38.956][info] [#0:script.workspace.workspace:127]: Ignore by library:	/home/ted/neovim/share/nvim/runtime/lua/vim/lsp
[19:10:38.956][info] [#0:script.workspace.workspace:127]: Ignore by library:	/home/ted/neovim/share/nvim/runtime/lua
[19:10:38.957][debug][#0:script.workspace.workspace:160]: getLibraryMatchers	/home/ted/neovim/share/nvim/runtime/lua/vim/lsp	/home/ted/neovim/share/nvim/runtime/lua/vim/lsp
[19:10:38.957][debug][#0:script.workspace.workspace:160]: getLibraryMatchers	/home/ted/.config/nvim/.language-servers/lua-language-server/meta/LuaJIT en-us	/home/ted/.config/nvim/.language-servers/lua-language-server/meta/LuaJIT en-us
[19:10:38.957][debug][#0:script.workspace.workspace:160]: getLibraryMatchers	/home/ted/neovim/share/nvim/runtime/lua	/home/ted/neovim/share/nvim/runtime/lua
[19:10:38.957][info] [#0:script.workspace.workspace:301]: Scan files at:	/home/ted/.config/nvim/lua/nv-treesitter
[19:10:38.957][info] [#0:script.workspace.workspace:306]: Scan library at:	/home/ted/neovim/share/nvim/runtime/lua/vim/lsp
[19:10:38.957][info] [#0:script.workspace.workspace:227]: Preload file at: file:///home/ted/.config/nvim/lua/nv-treesitter/init.lua , size = 0.619 KB
[19:10:38.957][info] [#0:script.workspace.workspace:227]: Preload file at: file:///home/ted/neovim/share/nvim/runtime/lua/vim/lsp/buf.lua , size = 14.298 KB
[19:10:38.957][info] [#0:script.workspace.workspace:229]: ++++As library of:	/home/ted/neovim/share/nvim/runtime/lua/vim/lsp
[19:10:38.964][info] [#0:script.workspace.workspace:227]: Preload file at: file:///home/ted/neovim/share/nvim/runtime/lua/vim/lsp/util.lua , size = 54.753 KB
[19:10:38.964][info] [#0:script.workspace.workspace:229]: ++++As library of:	/home/ted/neovim/share/nvim/runtime/lua/vim/lsp
[19:10:38.996][info] [#0:script.workspace.workspace:227]: Preload file at: file:///home/ted/neovim/share/nvim/runtime/lua/vim/lsp/log.lua , size = 3.330 KB
[19:10:38.996][info] [#0:script.workspace.workspace:229]: ++++As library of:	/home/ted/neovim/share/nvim/runtime/lua/vim/lsp
[19:10:38.998][info] [#0:script.workspace.workspace:227]: Preload file at: file:///home/ted/neovim/share/nvim/runtime/lua/vim/lsp/protocol.lua , size = 39.150 KB
[19:10:38.998][info] [#0:script.workspace.workspace:229]: ++++As library of:	/home/ted/neovim/share/nvim/runtime/lua/vim/lsp
[19:10:39.005][info] [#0:script.workspace.workspace:227]: Preload file at: file:///home/ted/neovim/share/nvim/runtime/lua/vim/lsp/diagnostic.lua , size = 39.049 KB
[19:10:39.005][info] [#0:script.workspace.workspace:229]: ++++As library of:	/home/ted/neovim/share/nvim/runtime/lua/vim/lsp
[19:10:39.019][info] [#0:script.workspace.workspace:227]: Preload file at: file:///home/ted/neovim/share/nvim/runtime/lua/vim/lsp/handlers.lua , size = 16.646 KB
[19:10:39.019][info] [#0:script.workspace.workspace:229]: ++++As library of:	/home/ted/neovim/share/nvim/runtime/lua/vim/lsp
[19:10:39.026][info] [#0:script.workspace.workspace:227]: Preload file at: file:///home/ted/neovim/share/nvim/runtime/lua/vim/lsp/rpc.lua , size = 21.106 KB
[19:10:39.026][info] [#0:script.workspace.workspace:229]: ++++As library of:	/home/ted/neovim/share/nvim/runtime/lua/vim/lsp
[19:10:39.033][info] [#0:script.workspace.workspace:306]: Scan library at:	/home/ted/.config/nvim/.language-servers/lua-language-server/meta/LuaJIT en-us
[19:10:39.033][info] [#0:script.workspace.workspace:227]: Preload file at: file:///home/ted/.config/nvim/.language-servers/lua-language-server/meta/LuaJIT%20en-us/math.lua , size = 7.761 KB
[19:10:39.033][info] [#0:script.workspace.workspace:229]: ++++As library of:	/home/ted/.config/nvim/.language-servers/lua-language-server/meta/LuaJIT en-us
[19:10:39.037][info] [#0:script.workspace.workspace:227]: Preload file at: file:///home/ted/.config/nvim/.language-servers/lua-language-server/meta/LuaJIT%20en-us/io.lua , size = 6.443 KB
[19:10:39.037][info] [#0:script.workspace.workspace:229]: ++++As library of:	/home/ted/.config/nvim/.language-servers/lua-language-server/meta/LuaJIT en-us
[19:10:39.039][info] [#0:script.workspace.workspace:227]: Preload file at: file:///home/ted/.config/nvim/.language-servers/lua-language-server/meta/LuaJIT%20en-us/bit.lua , size = 1.165 KB
[19:10:39.039][info] [#0:script.workspace.workspace:229]: ++++As library of:	/home/ted/.config/nvim/.language-servers/lua-language-server/meta/LuaJIT en-us
[19:10:39.040][info] [#0:script.workspace.workspace:227]: Preload file at: file:///home/ted/.config/nvim/.language-servers/lua-language-server/meta/LuaJIT%20en-us/package.lua , size = 2.732 KB
[19:10:39.040][info] [#0:script.workspace.workspace:229]: ++++As library of:	/home/ted/.config/nvim/.language-servers/lua-language-server/meta/LuaJIT en-us
[19:10:39.041][info] [#0:script.workspace.workspace:227]: Preload file at: file:///home/ted/.config/nvim/.language-servers/lua-language-server/meta/LuaJIT%20en-us/coroutine.lua , size = 2.489 KB
[19:10:39.041][info] [#0:script.workspace.workspace:229]: ++++As library of:	/home/ted/.config/nvim/.language-servers/lua-language-server/meta/LuaJIT en-us
[19:10:39.042][info] [#0:script.workspace.workspace:227]: Preload file at: file:///home/ted/.config/nvim/.language-servers/lua-language-server/meta/LuaJIT%20en-us/os.lua , size = 4.262 KB
[19:10:39.042][info] [#0:script.workspace.workspace:229]: ++++As library of:	/home/ted/.config/nvim/.language-servers/lua-language-server/meta/LuaJIT en-us
[19:10:39.044][info] [#0:script.workspace.workspace:227]: Preload file at: file:///home/ted/.config/nvim/.language-servers/lua-language-server/meta/LuaJIT%20en-us/string.lua , size = 6.023 KB
[19:10:39.044][info] [#0:script.workspace.workspace:229]: ++++As library of:	/home/ted/.config/nvim/.language-servers/lua-language-server/meta/LuaJIT en-us
[19:10:39.050][info] [#0:script.workspace.workspace:227]: Preload file at: file:///home/ted/.config/nvim/.language-servers/lua-language-server/meta/LuaJIT%20en-us/debug.lua , size = 7.488 KB
[19:10:39.050][info] [#0:script.workspace.workspace:229]: ++++As library of:	/home/ted/.config/nvim/.language-servers/lua-language-server/meta/LuaJIT en-us
[19:10:39.053][info] [#0:script.workspace.workspace:227]: Preload file at: file:///home/ted/.config/nvim/.language-servers/lua-language-server/meta/LuaJIT%20en-us/table.lua , size = 2.767 KB
[19:10:39.053][info] [#0:script.workspace.workspace:229]: ++++As library of:	/home/ted/.config/nvim/.language-servers/lua-language-server/meta/LuaJIT en-us
[19:10:39.054][info] [#0:script.workspace.workspace:227]: Preload file at: file:///home/ted/.config/nvim/.language-servers/lua-language-server/meta/LuaJIT%20en-us/basic.lua , size = 13.746 KB
[19:10:39.054][info] [#0:script.workspace.workspace:229]: ++++As library of:	/home/ted/.config/nvim/.language-servers/lua-language-server/meta/LuaJIT en-us
[19:10:39.057][info] [#0:script.workspace.workspace:306]: Scan library at:	/home/ted/neovim/share/nvim/runtime/lua
[19:10:39.057][info] [#0:script.workspace.workspace:227]: Preload file at: file:///home/ted/.config/nvim/.language-servers/lua-language-server/meta/LuaJIT%20en-us/jit.lua , size = 0.653 KB
[19:10:39.057][info] [#0:script.workspace.workspace:229]: ++++As library of:	/home/ted/.config/nvim/.language-servers/lua-language-server/meta/LuaJIT en-us
[19:10:39.058][info] [#0:script.workspace.workspace:227]: Preload file at: file:///home/ted/.config/nvim/.language-servers/lua-language-server/meta/LuaJIT%20en-us/builtin.lua , size = 0.259 KB
[19:10:39.058][info] [#0:script.workspace.workspace:229]: ++++As library of:	/home/ted/.config/nvim/.language-servers/lua-language-server/meta/LuaJIT en-us
[19:10:39.058][info] [#0:script.workspace.workspace:227]: Preload file at: file:///home/ted/.config/nvim/.language-servers/lua-language-server/meta/LuaJIT%20en-us/ffi.lua , size = 2.306 KB
[19:10:39.058][info] [#0:script.workspace.workspace:229]: ++++As library of:	/home/ted/.config/nvim/.language-servers/lua-language-server/meta/LuaJIT en-us
[19:10:39.060][info] [#0:script.workspace.workspace:227]: Preload file at: file:///home/ted/neovim/share/nvim/runtime/lua/vim/highlight.lua , size = 3.325 KB
[19:10:39.060][info] [#0:script.workspace.workspace:229]: ++++As library of:	/home/ted/neovim/share/nvim/runtime/lua
[19:10:39.061][info] [#0:script.workspace.workspace:227]: Preload file at: file:///home/ted/neovim/share/nvim/runtime/lua/vim/compat.lua , size = 0.520 KB
[19:10:39.061][info] [#0:script.workspace.workspace:229]: ++++As library of:	/home/ted/neovim/share/nvim/runtime/lua
[19:10:39.061][info] [#0:script.workspace.workspace:227]: Preload file at: file:///home/ted/neovim/share/nvim/runtime/lua/vim/treesitter.lua , size = 2.425 KB
[19:10:39.061][info] [#0:script.workspace.workspace:229]: ++++As library of:	/home/ted/neovim/share/nvim/runtime/lua
[19:10:39.062][info] [#0:script.workspace.workspace:227]: Preload file at: file:///home/ted/neovim/share/nvim/runtime/lua/vim/F.lua , size = 0.379 KB
[19:10:39.062][info] [#0:script.workspace.workspace:229]: ++++As library of:	/home/ted/neovim/share/nvim/runtime/lua
[19:10:39.063][info] [#0:script.workspace.workspace:227]: Preload file at: file:///home/ted/neovim/share/nvim/runtime/lua/vim/shared.lua , size = 16.257 KB
[19:10:39.063][info] [#0:script.workspace.workspace:229]: ++++As library of:	/home/ted/neovim/share/nvim/runtime/lua
[19:10:39.069][info] [#0:script.workspace.workspace:227]: Preload file at: file:///home/ted/neovim/share/nvim/runtime/lua/vim/uri.lua , size = 3.238 KB
[19:10:39.069][info] [#0:script.workspace.workspace:229]: ++++As library of:	/home/ted/neovim/share/nvim/runtime/lua
[19:10:39.071][info] [#0:script.workspace.workspace:227]: Preload file at: file:///home/ted/neovim/share/nvim/runtime/lua/vim/lsp/util.lua , size = 54.753 KB
[19:10:39.071][info] [#0:script.workspace.workspace:229]: ++++As library of:	/home/ted/neovim/share/nvim/runtime/lua
[19:10:39.071][info] [#0:script.workspace.workspace:227]: Preload file at: file:///home/ted/neovim/share/nvim/runtime/lua/vim/lsp/buf.lua , size = 14.298 KB
[19:10:39.071][info] [#0:script.workspace.workspace:229]: ++++As library of:	/home/ted/neovim/share/nvim/runtime/lua
[19:10:39.071][info] [#0:script.workspace.workspace:227]: Preload file at: file:///home/ted/neovim/share/nvim/runtime/lua/vim/lsp/log.lua , size = 3.330 KB
[19:10:39.071][info] [#0:script.workspace.workspace:229]: ++++As library of:	/home/ted/neovim/share/nvim/runtime/lua
[19:10:39.071][info] [#0:script.workspace.workspace:227]: Preload file at: file:///home/ted/neovim/share/nvim/runtime/lua/vim/lsp/protocol.lua , size = 39.150 KB
[19:10:39.071][info] [#0:script.workspace.workspace:229]: ++++As library of:	/home/ted/neovim/share/nvim/runtime/lua
[19:10:39.071][info] [#0:script.workspace.workspace:227]: Preload file at: file:///home/ted/neovim/share/nvim/runtime/lua/vim/lsp/diagnostic.lua , size = 39.049 KB
[19:10:39.071][info] [#0:script.workspace.workspace:229]: ++++As library of:	/home/ted/neovim/share/nvim/runtime/lua
[19:10:39.071][info] [#0:script.workspace.workspace:227]: Preload file at: file:///home/ted/neovim/share/nvim/runtime/lua/vim/lsp/handlers.lua , size = 16.646 KB
[19:10:39.071][info] [#0:script.workspace.workspace:229]: ++++As library of:	/home/ted/neovim/share/nvim/runtime/lua
[19:10:39.071][info] [#0:script.workspace.workspace:227]: Preload file at: file:///home/ted/neovim/share/nvim/runtime/lua/vim/lsp.lua , size = 47.742 KB
[19:10:39.071][info] [#0:script.workspace.workspace:229]: ++++As library of:	/home/ted/neovim/share/nvim/runtime/lua
[19:10:39.091][info] [#0:script.workspace.workspace:227]: Preload file at: file:///home/ted/neovim/share/nvim/runtime/lua/vim/treesitter/query.lua , size = 12.126 KB
[19:10:39.091][info] [#0:script.workspace.workspace:229]: ++++As library of:	/home/ted/neovim/share/nvim/runtime/lua
[19:10:39.096][info] [#0:script.workspace.workspace:227]: Preload file at: file:///home/ted/neovim/share/nvim/runtime/lua/vim/lsp/rpc.lua , size = 21.106 KB
[19:10:39.096][info] [#0:script.workspace.workspace:229]: ++++As library of:	/home/ted/neovim/share/nvim/runtime/lua
[19:10:39.096][info] [#0:script.workspace.workspace:310]: Found 41 files.
[19:10:39.096][info] [#0:script.workspace.workspace:312]: Loaded 36/41 files
[19:10:39.096][info] [#0:script.workspace.workspace:227]: Preload file at: file:///home/ted/neovim/share/nvim/runtime/lua/vim/treesitter/languagetree.lua , size = 14.552 KB
[19:10:39.096][info] [#0:script.workspace.workspace:229]: ++++As library of:	/home/ted/neovim/share/nvim/runtime/lua
[19:10:39.101][info] [#0:script.workspace.workspace:227]: Preload file at: file:///home/ted/neovim/share/nvim/runtime/lua/vim/treesitter/language.lua , size = 1.241 KB
[19:10:39.101][info] [#0:script.workspace.workspace:229]: ++++As library of:	/home/ted/neovim/share/nvim/runtime/lua
[19:10:39.102][info] [#0:script.workspace.workspace:227]: Preload file at: file:///home/ted/neovim/share/nvim/runtime/lua/vim/inspect.lua , size = 9.730 KB
[19:10:39.102][info] [#0:script.workspace.workspace:229]: ++++As library of:	/home/ted/neovim/share/nvim/runtime/lua
[19:10:39.106][info] [#0:script.workspace.workspace:227]: Preload file at: file:///home/ted/neovim/share/nvim/runtime/lua/man.lua , size = 4.964 KB
[19:10:39.106][info] [#0:script.workspace.workspace:229]: ++++As library of:	/home/ted/neovim/share/nvim/runtime/lua
[19:10:39.109][info] [#0:script.workspace.workspace:227]: Preload file at: file:///home/ted/neovim/share/nvim/runtime/lua/vim/treesitter/highlighter.lua , size = 7.239 KB
[19:10:39.109][info] [#0:script.workspace.workspace:229]: ++++As library of:	/home/ted/neovim/share/nvim/runtime/lua
[19:10:39.221][info] [#0:script.workspace.workspace:312]: Loaded 41/41 files
[19:10:39.221][info] [#0:script.workspace.workspace:321]: Preload finish.
[19:10:39.890][debug][#0:script.provider.diagnostic:340]: 全文诊断耗时：	0.018087
[19:11:38.232][debug][#0:script.service.service:136]: 
========= Medical Examination Report =========
    --------------- Memory ---------------
        Total: 26.159 MB
        # 00 : 19.917 MB
        # 01 : 1.115 MB
        # 02 : 2.029 MB
        # 03 : 1.070 MB
        # 04 : 2.029 MB
    --------------- Coroutine ---------------
        Total:     11
        Running:   0
        Suspended: 0
        Normal:    0
        Dead:      11
    --------------- Cache ---------------
        Total: 2
        Dead:  1
    --------------- Proto ---------------
        Holdon:   0
        Waiting:  0
==============================================
[19:11:58.239][debug][#0:script.provider.diagnostic:340]: 全文诊断耗时：	0.003612
[19:11:59.311][debug][#0:script.provider.diagnostic:340]: 全文诊断耗时：	0.003202
[19:12:01.257][debug][#0:script.provider.diagnostic:223]: publishDiagnostics	file:///home/ted/.config/nvim/lua/nv-treesitter/init.lua	3
[19:12:03.239][debug][#0:script.provider.diagnostic:340]: 全文诊断耗时：	0.003377
[19:12:07.019][debug][#0:script.provider.diagnostic:340]: 全文诊断耗时：	0.004373
[19:12:38.243][debug][#0:script.service.service:136]: 
========= Medical Examination Report =========
    --------------- Memory ---------------
        Total: 27.351 MB
        # 00 : 21.109 MB
        # 01 : 1.115 MB
        # 02 : 2.029 MB
        # 03 : 1.070 MB
        # 04 : 2.029 MB
    --------------- Coroutine ---------------
        Total:     74
        Running:   0
        Suspended: 0
        Normal:    0
        Dead:      74
    --------------- Cache ---------------
        Total: 9
        Dead:  8
    --------------- Proto ---------------
        Holdon:   0
        Waiting:  0
==============================================
[19:13:38.258][debug][#0:script.service.service:136]: 
========= Medical Examination Report =========
    --------------- Memory ---------------
        Total: 27.686 MB
        # 00 : 21.443 MB
        # 01 : 1.115 MB
        # 02 : 2.029 MB
        # 03 : 1.070 MB
        # 04 : 2.029 MB
    --------------- Coroutine ---------------
        Total:     74
        Running:   0
        Suspended: 0
        Normal:    0
        Dead:      74
    --------------- Cache ---------------
        Total: 9
        Dead:  8
    --------------- Proto ---------------
        Holdon:   0
        Waiting:  0
==============================================
[19:14:38.272][debug][#0:script.service.service:136]: 
========= Medical Examination Report =========
    --------------- Memory ---------------
        Total: 28.021 MB
        # 00 : 21.779 MB
        # 01 : 1.115 MB
        # 02 : 2.029 MB
        # 03 : 1.070 MB
        # 04 : 2.029 MB
    --------------- Coroutine ---------------
        Total:     74
        Running:   0
        Suspended: 0
        Normal:    0
        Dead:      74
    --------------- Cache ---------------
        Total: 9
        Dead:  8
    --------------- Proto ---------------
        Holdon:   0
        Waiting:  0
==============================================
[19:15:38.284][debug][#0:script.service.service:136]: 
========= Medical Examination Report =========
    --------------- Memory ---------------
        Total: 28.356 MB
        # 00 : 22.113 MB
        # 01 : 1.115 MB
        # 02 : 2.029 MB
        # 03 : 1.070 MB
        # 04 : 2.029 MB
    --------------- Coroutine ---------------
        Total:     74
        Running:   0
        Suspended: 0
        Normal:    0
        Dead:      74
    --------------- Cache ---------------
        Total: 9
        Dead:  8
    --------------- Proto ---------------
        Holdon:   0
        Waiting:  0
==============================================
[19:16:38.296][debug][#0:script.service.service:136]: 
========= Medical Examination Report =========
    --------------- Memory ---------------
        Total: 28.690 MB
        # 00 : 22.447 MB
        # 01 : 1.115 MB
        # 02 : 2.029 MB
        # 03 : 1.070 MB
        # 04 : 2.029 MB
    --------------- Coroutine ---------------
        Total:     74
        Running:   0
        Suspended: 0
        Normal:    0
        Dead:      74
    --------------- Cache ---------------
        Total: 9
        Dead:  8
    --------------- Proto ---------------
        Holdon:   0
        Waiting:  0
==============================================
[19:17:38.313][debug][#0:script.service.service:136]: 
========= Medical Examination Report =========
    --------------- Memory ---------------
        Total: 8.114 MB
        # 00 : 1.871 MB
        # 01 : 1.115 MB
        # 02 : 2.029 MB
        # 03 : 1.070 MB
        # 04 : 2.029 MB
    --------------- Coroutine ---------------
        Total:     0
        Running:   0
        Suspended: 0
        Normal:    0
        Dead:      0
    --------------- Cache ---------------
        Total: 1
        Dead:  0
    --------------- Proto ---------------
        Holdon:   0
        Waiting:  0
==============================================
[19:18:38.328][debug][#0:script.service.service:136]: 
========= Medical Examination Report =========
    --------------- Memory ---------------
        Total: 8.447 MB
        # 00 : 2.205 MB
        # 01 : 1.115 MB
        # 02 : 2.029 MB
        # 03 : 1.070 MB
        # 04 : 2.029 MB
    --------------- Coroutine ---------------
        Total:     0
        Running:   0
        Suspended: 0
        Normal:    0
        Dead:      0
    --------------- Cache ---------------
        Total: 1
        Dead:  0
    --------------- Proto ---------------
        Holdon:   0
        Waiting:  0
==============================================
[19:19:38.342][debug][#0:script.service.service:136]: 
========= Medical Examination Report =========
    --------------- Memory ---------------
        Total: 8.782 MB
        # 00 : 2.539 MB
        # 01 : 1.115 MB
        # 02 : 2.029 MB
        # 03 : 1.070 MB
        # 04 : 2.029 MB
    --------------- Coroutine ---------------
        Total:     0
        Running:   0
        Suspended: 0
        Normal:    0
        Dead:      0
    --------------- Cache ---------------
        Total: 1
        Dead:  0
    --------------- Proto ---------------
        Holdon:   0
        Waiting:  0
==============================================
[19:20:38.357][debug][#0:script.service.service:136]: 
========= Medical Examination Report =========
    --------------- Memory ---------------
        Total: 9.115 MB
        # 00 : 2.872 MB
        # 01 : 1.115 MB
        # 02 : 2.029 MB
        # 03 : 1.070 MB
        # 04 : 2.029 MB
    --------------- Coroutine ---------------
        Total:     0
        Running:   0
        Suspended: 0
        Normal:    0
        Dead:      0
    --------------- Cache ---------------
        Total: 1
        Dead:  0
    --------------- Proto ---------------
        Holdon:   0
        Waiting:  0
==============================================
[19:21:38.371][debug][#0:script.service.service:136]: 
========= Medical Examination Report =========
    --------------- Memory ---------------
        Total: 9.448 MB
        # 00 : 3.205 MB
        # 01 : 1.115 MB
        # 02 : 2.029 MB
        # 03 : 1.070 MB
        # 04 : 2.029 MB
    --------------- Coroutine ---------------
        Total:     0
        Running:   0
        Suspended: 0
        Normal:    0
        Dead:      0
    --------------- Cache ---------------
        Total: 1
        Dead:  0
    --------------- Proto ---------------
        Holdon:   0
        Waiting:  0
==============================================
[19:22:38.385][debug][#0:script.service.service:136]: 
========= Medical Examination Report =========
    --------------- Memory ---------------
        Total: 8.078 MB
        # 00 : 1.836 MB
        # 01 : 1.115 MB
        # 02 : 2.029 MB
        # 03 : 1.070 MB
        # 04 : 2.029 MB
    --------------- Coroutine ---------------
        Total:     0
        Running:   0
        Suspended: 0
        Normal:    0
        Dead:      0
    --------------- Cache ---------------
        Total: 1
        Dead:  0
    --------------- Proto ---------------
        Holdon:   0
        Waiting:  0
==============================================
[19:23:38.399][debug][#0:script.service.service:136]: 
========= Medical Examination Report =========
    --------------- Memory ---------------
        Total: 8.072 MB
        # 00 : 1.830 MB
        # 01 : 1.115 MB
        # 02 : 2.029 MB
        # 03 : 1.070 MB
        # 04 : 2.029 MB
    --------------- Coroutine ---------------
        Total:     0
        Running:   0
        Suspended: 0
        Normal:    0
        Dead:      0
    --------------- Cache ---------------
        Total: 1
        Dead:  0
    --------------- Proto ---------------
        Holdon:   0
        Waiting:  0
==============================================
[19:24:38.410][debug][#0:script.service.service:136]: 
========= Medical Examination Report =========
    --------------- Memory ---------------
        Total: 8.065 MB
        # 00 : 1.823 MB
        # 01 : 1.115 MB
        # 02 : 2.029 MB
        # 03 : 1.070 MB
        # 04 : 2.029 MB
    --------------- Coroutine ---------------
        Total:     0
        Running:   0
        Suspended: 0
        Normal:    0
        Dead:      0
    --------------- Cache ---------------
        Total: 1
        Dead:  0
    --------------- Proto ---------------
        Holdon:   0
        Waiting:  0
==============================================
[19:25:38.422][debug][#0:script.service.service:136]: 
========= Medical Examination Report =========
    --------------- Memory ---------------
        Total: 8.058 MB
        # 00 : 1.816 MB
        # 01 : 1.115 MB
        # 02 : 2.029 MB
        # 03 : 1.070 MB
        # 04 : 2.029 MB
    --------------- Coroutine ---------------
        Total:     0
        Running:   0
        Suspended: 0
        Normal:    0
        Dead:      0
    --------------- Cache ---------------
        Total: 1
        Dead:  0
    --------------- Proto ---------------
        Holdon:   0
        Waiting:  0
==============================================
[19:26:38.436][debug][#0:script.service.service:136]: 
========= Medical Examination Report =========
    --------------- Memory ---------------
        Total: 8.051 MB
        # 00 : 1.809 MB
        # 01 : 1.115 MB
        # 02 : 2.029 MB
        # 03 : 1.070 MB
        # 04 : 2.029 MB
    --------------- Coroutine ---------------
        Total:     0
        Running:   0
        Suspended: 0
        Normal:    0
        Dead:      0
    --------------- Cache ---------------
        Total: 1
        Dead:  0
    --------------- Proto ---------------
        Holdon:   0
        Waiting:  0
==============================================
[19:27:38.453][debug][#0:script.service.service:136]: 
========= Medical Examination Report =========
    --------------- Memory ---------------
        Total: 8.044 MB
        # 00 : 1.802 MB
        # 01 : 1.115 MB
        # 02 : 2.029 MB
        # 03 : 1.070 MB
        # 04 : 2.029 MB
    --------------- Coroutine ---------------
        Total:     0
        Running:   0
        Suspended: 0
        Normal:    0
        Dead:      0
    --------------- Cache ---------------
        Total: 1
        Dead:  0
    --------------- Proto ---------------
        Holdon:   0
        Waiting:  0
==============================================
[19:28:39.029][debug][#0:script.service.service:136]: 
========= Medical Examination Report =========
    --------------- Memory ---------------
        Total: 8.037 MB
        # 00 : 1.795 MB
        # 01 : 1.115 MB
        # 02 : 2.029 MB
        # 03 : 1.070 MB
        # 04 : 2.029 MB
    --------------- Coroutine ---------------
        Total:     0
        Running:   0
        Suspended: 0
        Normal:    0
        Dead:      0
    --------------- Cache ---------------
        Total: 1
        Dead:  0
    --------------- Proto ---------------
        Holdon:   0
        Waiting:  0
==============================================
[19:29:38.541][debug][#0:script.service.service:136]: 
========= Medical Examination Report =========
    --------------- Memory ---------------
        Total: 8.030 MB
        # 00 : 1.787 MB
        # 01 : 1.115 MB
        # 02 : 2.029 MB
        # 03 : 1.070 MB
        # 04 : 2.029 MB
    --------------- Coroutine ---------------
        Total:     0
        Running:   0
        Suspended: 0
        Normal:    0
        Dead:      0
    --------------- Cache ---------------
        Total: 1
        Dead:  0
    --------------- Proto ---------------
        Holdon:   0
        Waiting:  0
==============================================
[19:30:17.123][info] [#0:script.provider.provider:150]: Server shutdown.
[19:30:17.124][info] [#0:script.provider.provider:145]: Server exited.
